0 verbose cli /opt/homebrew/Cellar/node/24.4.0/bin/node /opt/homebrew/bin/npm
1 info using npm@11.4.2
2 info using node@v24.4.0
3 silly config load:file:/opt/homebrew/lib/node_modules/npm/npmrc
4 silly config load:file:/Users/preethamdandu/Desktop/pkapkapkap/.npmrc
5 silly config load:file:/opt/homebrew/etc/npmrc
6 verbose title npm install @react-three/postprocessing postprocessing
7 verbose argv "install" "@react-three/postprocessing" "postprocessing" "--legacy-peer-deps"
8 verbose logfile logs-max:10 dir:/Users/preethamdandu/Desktop/pkapkapkap/.npm-cache/_logs/2026-04-16T19_17_30_324Z-
9 verbose logfile /Users/preethamdandu/Desktop/pkapkapkap/.npm-cache/_logs/2026-04-16T19_17_30_324Z-debug-0.log
10 silly logfile done cleaning log files
11 silly packumentCache heap:4496293888 maxSize:1124073472 maxEntrySize:562036736
12 silly idealTree buildDeps
13 silly fetch manifest @react-three/postprocessing@*
14 silly packumentCache full:https://registry.npmjs.org/@react-three%2fpostprocessing cache-miss
15 http cache https://registry.npmjs.org/@react-three%2fpostprocessing 35ms (cache hit)
16 silly packumentCache full:https://registry.npmjs.org/@react-three%2fpostprocessing set size:475851 disposed:false
17 silly fetch manifest postprocessing@*
18 silly packumentCache full:https://registry.npmjs.org/postprocessing cache-miss
19 http cache https://registry.npmjs.org/postprocessing 2ms (cache hit)
20 silly packumentCache full:https://registry.npmjs.org/postprocessing set size:881706 disposed:false
21 silly placeDep ROOT @react-three/postprocessing@3.0.4 OK for: next-app@0.1.0 want: *
22 silly placeDep ROOT postprocessing@6.39.0 OK for: next-app@0.1.0 want: *
23 silly fetch manifest maath@^0.6.0
24 silly packumentCache full:https://registry.npmjs.org/maath cache-miss
25 silly fetch manifest n8ao@^1.9.4
26 silly packumentCache full:https://registry.npmjs.org/n8ao cache-miss
27 silly fetch manifest postprocessing@^6.36.6
28 silly packumentCache full:https://registry.npmjs.org/postprocessing cache-hit
29 http fetch GET 200 https://registry.npmjs.org/maath 188ms (cache revalidated)
30 silly packumentCache full:https://registry.npmjs.org/maath set size:87399 disposed:false
31 http fetch GET 200 https://registry.npmjs.org/n8ao 191ms (cache miss)
32 silly packumentCache full:https://registry.npmjs.org/n8ao set size:undefined disposed:false
33 silly placeDep node_modules/@react-three/postprocessing maath@0.6.0 OK for: @react-three/postprocessing@3.0.4 want: ^0.6.0
34 silly placeDep ROOT n8ao@1.10.1 OK for: @react-three/postprocessing@3.0.4 want: ^1.9.4
35 silly reify moves {}
36 silly audit bulk request {
36 silly audit   '@alloc/quick-lru': [ '5.2.0' ],
36 silly audit   '@babel/code-frame': [ '7.29.0' ],
36 silly audit   '@babel/compat-data': [ '7.29.0' ],
36 silly audit   '@babel/core': [ '7.29.0' ],
36 silly audit   '@babel/generator': [ '7.29.1' ],
36 silly audit   '@babel/helper-compilation-targets': [ '7.28.6' ],
36 silly audit   '@babel/helper-globals': [ '7.28.0' ],
36 silly audit   '@babel/helper-module-imports': [ '7.28.6' ],
36 silly audit   '@babel/helper-module-transforms': [ '7.28.6' ],
36 silly audit   '@babel/helper-string-parser': [ '7.27.1' ],
36 silly audit   '@babel/helper-validator-identifier': [ '7.28.5' ],
36 silly audit   '@babel/helper-validator-option': [ '7.27.1' ],
36 silly audit   '@babel/helpers': [ '7.29.2' ],
36 silly audit   '@babel/parser': [ '7.29.2' ],
36 silly audit   '@babel/runtime': [ '7.29.2' ],
36 silly audit   '@babel/template': [ '7.28.6' ],
36 silly audit   '@babel/traverse': [ '7.29.0' ],
36 silly audit   '@babel/types': [ '7.29.0' ],
36 silly audit   '@dimforge/rapier3d-compat': [ '0.12.0' ],
36 silly audit   '@emnapi/core': [ '1.10.0' ],
36 silly audit   '@emnapi/runtime': [ '1.10.0' ],
36 silly audit   '@emnapi/wasi-threads': [ '1.2.1' ],
36 silly audit   '@eslint-community/eslint-utils': [ '4.9.1' ],
36 silly audit   'eslint-visitor-keys': [ '3.4.3', '5.0.1', '4.2.1' ],
36 silly audit   '@eslint-community/regexpp': [ '4.12.2' ],
36 silly audit   '@eslint/config-array': [ '0.21.2' ],
36 silly audit   '@eslint/config-helpers': [ '0.4.2' ],
36 silly audit   '@eslint/core': [ '0.17.0' ],
36 silly audit   '@eslint/eslintrc': [ '3.3.5' ],
36 silly audit   '@eslint/js': [ '9.39.4' ],
36 silly audit   '@eslint/object-schema': [ '2.1.7' ],
36 silly audit   '@eslint/plugin-kit': [ '0.4.1' ],
36 silly audit   '@gsap/react': [ '2.1.2' ],
36 silly audit   '@humanfs/core': [ '0.19.1' ],
36 silly audit   '@humanfs/node': [ '0.16.7' ],
36 silly audit   '@humanwhocodes/module-importer': [ '1.0.1' ],
36 silly audit   '@humanwhocodes/retry': [ '0.4.3' ],
36 silly audit   '@img/colour': [ '1.1.0' ],
36 silly audit   '@img/sharp-darwin-arm64': [ '0.34.5' ],
36 silly audit   '@img/sharp-darwin-x64': [ '0.34.5' ],
36 silly audit   '@img/sharp-libvips-darwin-arm64': [ '1.2.4' ],
36 silly audit   '@img/sharp-libvips-darwin-x64': [ '1.2.4' ],
36 silly audit   '@img/sharp-libvips-linux-arm': [ '1.2.4' ],
36 silly audit   '@img/sharp-libvips-linux-arm64': [ '1.2.4' ],
36 silly audit   '@img/sharp-libvips-linux-ppc64': [ '1.2.4' ],
36 silly audit   '@img/sharp-libvips-linux-riscv64': [ '1.2.4' ],
36 silly audit   '@img/sharp-libvips-linux-s390x': [ '1.2.4' ],
36 silly audit   '@img/sharp-libvips-linux-x64': [ '1.2.4' ],
36 silly audit   '@img/sharp-libvips-linuxmusl-arm64': [ '1.2.4' ],
36 silly audit   '@img/sharp-libvips-linuxmusl-x64': [ '1.2.4' ],
36 silly audit   '@img/sharp-linux-arm': [ '0.34.5' ],
36 silly audit   '@img/sharp-linux-arm64': [ '0.34.5' ],
36 silly audit   '@img/sharp-linux-ppc64': [ '0.34.5' ],
36 silly audit   '@img/sharp-linux-riscv64': [ '0.34.5' ],
36 silly audit   '@img/sharp-linux-s390x': [ '0.34.5' ],
36 silly audit   '@img/sharp-linux-x64': [ '0.34.5' ],
36 silly audit   '@img/sharp-linuxmusl-arm64': [ '0.34.5' ],
36 silly audit   '@img/sharp-linuxmusl-x64': [ '0.34.5' ],
36 silly audit   '@img/sharp-wasm32': [ '0.34.5' ],
36 silly audit   '@img/sharp-win32-arm64': [ '0.34.5' ],
36 silly audit   '@img/sharp-win32-ia32': [ '0.34.5' ],
36 silly audit   '@img/sharp-win32-x64': [ '0.34.5' ],
36 silly audit   '@jridgewell/gen-mapping': [ '0.3.13' ],
36 silly audit   '@jridgewell/remapping': [ '2.3.5' ],
36 silly audit   '@jridgewell/resolve-uri': [ '3.1.2' ],
36 silly audit   '@jridgewell/sourcemap-codec': [ '1.5.5' ],
36 silly audit   '@jridgewell/trace-mapping': [ '0.3.31' ],
36 silly audit   '@mediapipe/tasks-vision': [ '0.10.17' ],
36 silly audit   '@monogrid/gainmap-js': [ '3.4.0' ],
36 silly audit   '@napi-rs/wasm-runtime': [ '0.2.12' ],
36 silly audit   '@next/env': [ '16.2.4' ],
36 silly audit   '@next/eslint-plugin-next': [ '16.2.4' ],
36 silly audit   '@next/swc-darwin-arm64': [ '16.2.4' ],
36 silly audit   '@next/swc-darwin-x64': [ '16.2.4' ],
36 silly audit   '@next/swc-linux-arm64-gnu': [ '16.2.4' ],
36 silly audit   '@next/swc-linux-arm64-musl': [ '16.2.4' ],
36 silly audit   '@next/swc-linux-x64-gnu': [ '16.2.4' ],
36 silly audit   '@next/swc-linux-x64-musl': [ '16.2.4' ],
36 silly audit   '@next/swc-win32-arm64-msvc': [ '16.2.4' ],
36 silly audit   '@next/swc-win32-x64-msvc': [ '16.2.4' ],
36 silly audit   '@nodelib/fs.scandir': [ '2.1.5' ],
36 silly audit   '@nodelib/fs.stat': [ '2.0.5' ],
36 silly audit   '@nodelib/fs.walk': [ '1.2.8' ],
36 silly audit   '@nolyfill/is-core-module': [ '1.0.39' ],
36 silly audit   '@react-three/drei': [ '10.7.7' ],
36 silly audit   '@react-three/fiber': [ '9.6.0' ],
36 silly audit   '@rtsao/scc': [ '1.1.0' ],
36 silly audit   '@swc/helpers': [ '0.5.15' ],
36 silly audit   '@tailwindcss/node': [ '4.2.2' ],
36 silly audit   '@tailwindcss/oxide': [ '4.2.2' ],
36 silly audit   '@tailwindcss/oxide-android-arm64': [ '4.2.2' ],
36 silly audit   '@tailwindcss/oxide-darwin-arm64': [ '4.2.2' ],
36 silly audit   '@tailwindcss/oxide-darwin-x64': [ '4.2.2' ],
36 silly audit   '@tailwindcss/oxide-freebsd-x64': [ '4.2.2' ],
36 silly audit   '@tailwindcss/oxide-linux-arm-gnueabihf': [ '4.2.2' ],
36 silly audit   '@tailwindcss/oxide-linux-arm64-gnu': [ '4.2.2' ],
36 silly audit   '@tailwindcss/oxide-linux-arm64-musl': [ '4.2.2' ],
36 silly audit   '@tailwindcss/oxide-linux-x64-gnu': [ '4.2.2' ],
36 silly audit   '@tailwindcss/oxide-linux-x64-musl': [ '4.2.2' ],
36 silly audit   '@tailwindcss/oxide-wasm32-wasi': [ '4.2.2' ],
36 silly audit   '@tailwindcss/oxide-win32-arm64-msvc': [ '4.2.2' ],
36 silly audit   '@tailwindcss/oxide-win32-x64-msvc': [ '4.2.2' ],
36 silly audit   '@tailwindcss/postcss': [ '4.2.2' ],
36 silly audit   '@tweenjs/tween.js': [ '23.1.3' ],
36 silly audit   '@tybys/wasm-util': [ '0.10.1' ],
36 silly audit   '@types/draco3d': [ '1.4.10' ],
36 silly audit   '@types/estree': [ '1.0.8' ],
36 silly audit   '@types/json-schema': [ '7.0.15' ],
36 silly audit   '@types/json5': [ '0.0.29' ],
36 silly audit   '@types/node': [ '20.19.39' ],
36 silly audit   '@types/offscreencanvas': [ '2019.7.3' ],
36 silly audit   '@types/react': [ '19.2.14' ],
36 silly audit   '@types/react-dom': [ '19.2.3' ],
36 silly audit   '@types/react-reconciler': [ '0.28.9' ],
36 silly audit   '@types/stats.js': [ '0.17.4' ],
36 silly audit   '@types/three': [ '0.183.1' ],
36 silly audit   '@types/webxr': [ '0.5.24' ],
36 silly audit   '@typescript-eslint/eslint-plugin': [ '8.58.2' ],
36 silly audit   ignore: [ '7.0.5', '5.3.2' ],
36 silly audit   '@typescript-eslint/parser': [ '8.58.2' ],
36 silly audit   '@typescript-eslint/project-service': [ '8.58.2' ],
36 silly audit   '@typescript-eslint/scope-manager': [ '8.58.2' ],
36 silly audit   '@typescript-eslint/tsconfig-utils': [ '8.58.2' ],
36 silly audit   '@typescript-eslint/type-utils': [ '8.58.2' ],
36 silly audit   '@typescript-eslint/types': [ '8.58.2' ],
36 silly audit   '@typescript-eslint/typescript-estree': [ '8.58.2' ],
36 silly audit   'balanced-match': [ '4.0.4', '1.0.2' ],
36 silly audit   'brace-expansion': [ '5.0.5', '1.1.14' ],
36 silly audit   minimatch: [ '10.2.5', '3.1.5' ],
36 silly audit   semver: [ '7.7.4', '6.3.1' ],
36 silly audit   '@typescript-eslint/utils': [ '8.58.2' ],
36 silly audit   '@typescript-eslint/visitor-keys': [ '8.58.2' ],
36 silly audit   '@unrs/resolver-binding-android-arm-eabi': [ '1.11.1' ],
36 silly audit   '@unrs/resolver-binding-android-arm64': [ '1.11.1' ],
36 silly audit   '@unrs/resolver-binding-darwin-arm64': [ '1.11.1' ],
36 silly audit   '@unrs/resolver-binding-darwin-x64': [ '1.11.1' ],
36 silly audit   '@unrs/resolver-binding-freebsd-x64': [ '1.11.1' ],
36 silly audit   '@unrs/resolver-binding-linux-arm-gnueabihf': [ '1.11.1' ],
36 silly audit   '@unrs/resolver-binding-linux-arm-musleabihf': [ '1.11.1' ],
36 silly audit   '@unrs/resolver-binding-linux-arm64-gnu': [ '1.11.1' ],
36 silly audit   '@unrs/resolver-binding-linux-arm64-musl': [ '1.11.1' ],
36 silly audit   '@unrs/resolver-binding-linux-ppc64-gnu': [ '1.11.1' ],
36 silly audit   '@unrs/resolver-binding-linux-riscv64-gnu': [ '1.11.1' ],
36 silly audit   '@unrs/resolver-binding-linux-riscv64-musl': [ '1.11.1' ],
36 silly audit   '@unrs/resolver-binding-linux-s390x-gnu': [ '1.11.1' ],
36 silly audit   '@unrs/resolver-binding-linux-x64-gnu': [ '1.11.1' ],
36 silly audit   '@unrs/resolver-binding-linux-x64-musl': [ '1.11.1' ],
36 silly audit   '@unrs/resolver-binding-wasm32-wasi': [ '1.11.1' ],
36 silly audit   '@unrs/resolver-binding-win32-arm64-msvc': [ '1.11.1' ],
36 silly audit   '@unrs/resolver-binding-win32-ia32-msvc': [ '1.11.1' ],
36 silly audit   '@unrs/resolver-binding-win32-x64-msvc': [ '1.11.1' ],
36 silly audit   '@use-gesture/core': [ '10.3.1' ],
36 silly audit   '@use-gesture/react': [ '10.3.1' ],
36 silly audit   '@webgpu/types': [ '0.1.69' ],
36 silly audit   acorn: [ '8.16.0' ],
36 silly audit   'acorn-jsx': [ '5.3.2' ],
36 silly audit   ajv: [ '6.14.0' ],
36 silly audit   'ansi-styles': [ '4.3.0' ],
36 silly audit   argparse: [ '2.0.1' ],
36 silly audit   'aria-query': [ '5.3.2' ],
36 silly audit   'array-buffer-byte-length': [ '1.0.2' ],
36 silly audit   'array-includes': [ '3.1.9' ],
36 silly audit   'array.prototype.findlast': [ '1.2.5' ],
36 silly audit   'array.prototype.findlastindex': [ '1.2.6' ],
36 silly audit   'array.prototype.flat': [ '1.3.3' ],
36 silly audit   'array.prototype.flatmap': [ '1.3.3' ],
36 silly audit   'array.prototype.tosorted': [ '1.1.4' ],
36 silly audit   'arraybuffer.prototype.slice': [ '1.0.4' ],
36 silly audit   'ast-types-flow': [ '0.0.8' ],
36 silly audit   'async-function': [ '1.0.0' ],
36 silly audit   'available-typed-arrays': [ '1.0.7' ],
36 silly audit   'axe-core': [ '4.11.3' ],
36 silly audit   'axobject-query': [ '4.1.0' ],
36 silly audit   'base64-js': [ '1.5.1' ],
36 silly audit   'baseline-browser-mapping': [ '2.10.19' ],
36 silly audit   'bidi-js': [ '1.0.3' ],
36 silly audit   braces: [ '3.0.3' ],
36 silly audit   browserslist: [ '4.28.2' ],
36 silly audit   buffer: [ '6.0.3' ],
36 silly audit   'call-bind': [ '1.0.9' ],
36 silly audit   'call-bind-apply-helpers': [ '1.0.2' ],
36 silly audit   'call-bound': [ '1.0.4' ],
36 silly audit   callsites: [ '3.1.0' ],
36 silly audit   'camera-controls': [ '3.1.2' ],
36 silly audit   'caniuse-lite': [ '1.0.30001788' ],
36 silly audit   chalk: [ '4.1.2' ],
36 silly audit   'client-only': [ '0.0.1' ],
36 silly audit   clsx: [ '2.1.1' ],
36 silly audit   'color-convert': [ '2.0.1' ],
36 silly audit   'color-name': [ '1.1.4' ],
36 silly audit   'concat-map': [ '0.0.1' ],
36 silly audit   'convert-source-map': [ '2.0.0' ],
36 silly audit   'cross-env': [ '7.0.3' ],
36 silly audit   'cross-spawn': [ '7.0.6' ],
36 silly audit   csstype: [ '3.2.3' ],
36 silly audit   'damerau-levenshtein': [ '1.0.8' ],
36 silly audit   'data-view-buffer': [ '1.0.2' ],
36 silly audit   'data-view-byte-length': [ '1.0.2' ],
36 silly audit   'data-view-byte-offset': [ '1.0.1' ],
36 silly audit   debug: [ '4.4.3', '3.2.7' ],
36 silly audit   'deep-is': [ '0.1.4' ],
36 silly audit   'define-data-property': [ '1.1.4' ],
36 silly audit   'define-properties': [ '1.2.1' ],
36 silly audit   'detect-gpu': [ '5.0.70' ],
36 silly audit   'detect-libc': [ '2.1.2' ],
36 silly audit   doctrine: [ '2.1.0' ],
36 silly audit   draco3d: [ '1.5.7' ],
36 silly audit   'dunder-proto': [ '1.0.1' ],
36 silly audit   'electron-to-chromium': [ '1.5.339' ],
36 silly audit   'emoji-regex': [ '9.2.2' ],
36 silly audit   'enhanced-resolve': [ '5.20.1' ],
36 silly audit   'es-abstract': [ '1.24.2' ],
36 silly audit   'es-define-property': [ '1.0.1' ],
36 silly audit   'es-errors': [ '1.3.0' ],
36 silly audit   'es-iterator-helpers': [ '1.3.2' ],
36 silly audit   'es-object-atoms': [ '1.1.1' ],
36 silly audit   'es-set-tostringtag': [ '2.1.0' ],
36 silly audit   'es-shim-unscopables': [ '1.1.0' ],
36 silly audit   'es-to-primitive': [ '1.3.0' ],
36 silly audit   escalade: [ '3.2.0' ],
36 silly audit   'escape-string-regexp': [ '4.0.0' ],
36 silly audit   eslint: [ '9.39.4' ],
36 silly audit   'eslint-config-next': [ '16.2.4' ],
36 silly audit   globals: [ '16.4.0', '14.0.0' ],
36 silly audit   'eslint-import-resolver-node': [ '0.3.10' ],
36 silly audit   'eslint-import-resolver-typescript': [ '3.10.1' ],
36 silly audit   'eslint-module-utils': [ '2.12.1' ],
36 silly audit   'eslint-plugin-import': [ '2.32.0' ],
36 silly audit   'eslint-plugin-jsx-a11y': [ '6.10.2' ],
36 silly audit   'eslint-plugin-react': [ '7.37.5' ],
36 silly audit   'eslint-plugin-react-hooks': [ '7.0.1' ],
36 silly audit   'eslint-scope': [ '8.4.0' ],
36 silly audit   espree: [ '10.4.0' ],
36 silly audit   esquery: [ '1.7.0' ],
36 silly audit   esrecurse: [ '4.3.0' ],
36 silly audit   estraverse: [ '5.3.0' ],
36 silly audit   esutils: [ '2.0.3' ],
36 silly audit   'fast-deep-equal': [ '3.1.3' ],
36 silly audit   'fast-glob': [ '3.3.1' ],
36 silly audit   'glob-parent': [ '5.1.2', '6.0.2' ],
36 silly audit   'fast-json-stable-stringify': [ '2.1.0' ],
36 silly audit   'fast-levenshtein': [ '2.0.6' ],
36 silly audit   fastq: [ '1.20.1' ],
36 silly audit   fflate: [ '0.8.2', '0.6.10' ],
36 silly audit   'file-entry-cache': [ '8.0.0' ],
36 silly audit   'fill-range': [ '7.1.1' ],
36 silly audit   'find-up': [ '5.0.0' ],
36 silly audit   'flat-cache': [ '4.0.1' ],
36 silly audit   flatted: [ '3.4.2' ],
36 silly audit   'for-each': [ '0.3.5' ],
36 silly audit   'framer-motion': [ '12.38.0' ],
36 silly audit   'function-bind': [ '1.1.2' ],
36 silly audit   'function.prototype.name': [ '1.1.8' ],
36 silly audit   'functions-have-names': [ '1.2.3' ],
36 silly audit   'generator-function': [ '2.0.1' ],
36 silly audit   gensync: [ '1.0.0-beta.2' ],
36 silly audit   'get-intrinsic': [ '1.3.0' ],
36 silly audit   'get-proto': [ '1.0.1' ],
36 silly audit   'get-symbol-description': [ '1.1.0' ],
36 silly audit   'get-tsconfig': [ '4.14.0' ],
36 silly audit   globalthis: [ '1.0.4' ],
36 silly audit   'glsl-noise': [ '0.0.0' ],
36 silly audit   gopd: [ '1.2.0' ],
36 silly audit   'graceful-fs': [ '4.2.11' ],
36 silly audit   gsap: [ '3.15.0' ],
36 silly audit   'has-bigints': [ '1.1.0' ],
36 silly audit   'has-flag': [ '4.0.0' ],
36 silly audit   'has-property-descriptors': [ '1.0.2' ],
36 silly audit   'has-proto': [ '1.2.0' ],
36 silly audit   'has-symbols': [ '1.1.0' ],
36 silly audit   'has-tostringtag': [ '1.0.2' ],
36 silly audit   hasown: [ '2.0.2' ],
36 silly audit   'hermes-estree': [ '0.25.1' ],
36 silly audit   'hermes-parser': [ '0.25.1' ],
36 silly audit   'hls.js': [ '1.6.16' ],
36 silly audit   ieee754: [ '1.2.1' ],
36 silly audit   immediate: [ '3.0.6' ],
36 silly audit   'import-fresh': [ '3.3.1' ],
36 silly audit   imurmurhash: [ '0.1.4' ],
36 silly audit   'internal-slot': [ '1.1.0' ],
36 silly audit   'is-array-buffer': [ '3.0.5' ],
36 silly audit   'is-async-function': [ '2.1.1' ],
36 silly audit   'is-bigint': [ '1.1.0' ],
36 silly audit   'is-boolean-object': [ '1.2.2' ],
36 silly audit   'is-bun-module': [ '2.0.0' ],
36 silly audit   'is-callable': [ '1.2.7' ],
36 silly audit   'is-core-module': [ '2.16.1' ],
36 silly audit   'is-data-view': [ '1.0.2' ],
36 silly audit   'is-date-object': [ '1.1.0' ],
36 silly audit   'is-extglob': [ '2.1.1' ],
36 silly audit   'is-finalizationregistry': [ '1.1.1' ],
36 silly audit   'is-generator-function': [ '1.1.2' ],
36 silly audit   'is-glob': [ '4.0.3' ],
36 silly audit   'is-map': [ '2.0.3' ],
36 silly audit   'is-negative-zero': [ '2.0.3' ],
36 silly audit   'is-number': [ '7.0.0' ],
36 silly audit   'is-number-object': [ '1.1.1' ],
36 silly audit   'is-promise': [ '2.2.2' ],
36 silly audit   'is-regex': [ '1.2.1' ],
36 silly audit   'is-set': [ '2.0.3' ],
36 silly audit   'is-shared-array-buffer': [ '1.0.4' ],
36 silly audit   'is-string': [ '1.1.1' ],
36 silly audit   'is-symbol': [ '1.1.1' ],
36 silly audit   'is-typed-array': [ '1.1.15' ],
36 silly audit   'is-weakmap': [ '2.0.2' ],
36 silly audit   'is-weakref': [ '1.1.1' ],
36 silly audit   'is-weakset': [ '2.0.4' ],
36 silly audit   isarray: [ '2.0.5' ],
36 silly audit   isexe: [ '2.0.0' ],
36 silly audit   'iterator.prototype': [ '1.1.5' ],
36 silly audit   'its-fine': [ '2.0.0' ],
36 silly audit   jiti: [ '2.6.1' ],
36 silly audit   'js-tokens': [ '4.0.0' ],
36 silly audit   'js-yaml': [ '4.1.1' ],
36 silly audit   jsesc: [ '3.1.0' ],
36 silly audit   'json-buffer': [ '3.0.1' ],
36 silly audit   'json-schema-traverse': [ '0.4.1' ],
36 silly audit   'json-stable-stringify-without-jsonify': [ '1.0.1' ],
36 silly audit   json5: [ '2.2.3', '1.0.2' ],
36 silly audit   'jsx-ast-utils': [ '3.3.5' ],
36 silly audit   keyv: [ '4.5.4' ],
36 silly audit   'language-subtag-registry': [ '0.3.23' ],
36 silly audit   'language-tags': [ '1.0.9' ],
36 silly audit   lenis: [ '1.3.23' ],
36 silly audit   levn: [ '0.4.1' ],
36 silly audit   lie: [ '3.3.0' ],
36 silly audit   lightningcss: [ '1.32.0' ],
36 silly audit   'lightningcss-android-arm64': [ '1.32.0' ],
36 silly audit   'lightningcss-darwin-arm64': [ '1.32.0' ],
36 silly audit   'lightningcss-darwin-x64': [ '1.32.0' ],
36 silly audit   'lightningcss-freebsd-x64': [ '1.32.0' ],
36 silly audit   'lightningcss-linux-arm-gnueabihf': [ '1.32.0' ],
36 silly audit   'lightningcss-linux-arm64-gnu': [ '1.32.0' ],
36 silly audit   'lightningcss-linux-arm64-musl': [ '1.32.0' ],
36 silly audit   'lightningcss-linux-x64-gnu': [ '1.32.0' ],
36 silly audit   'lightningcss-linux-x64-musl': [ '1.32.0' ],
36 silly audit   'lightningcss-win32-arm64-msvc': [ '1.32.0' ],
36 silly audit   'lightningcss-win32-x64-msvc': [ '1.32.0' ],
36 silly audit   'locate-path': [ '6.0.0' ],
36 silly audit   'lodash.merge': [ '4.6.2' ],
36 silly audit   'loose-envify': [ '1.4.0' ],
36 silly audit   'lru-cache': [ '5.1.1' ],
36 silly audit   'lucide-react': [ '1.8.0' ],
36 silly audit   maath: [ '0.10.8', '0.6.0' ],
36 silly audit   'magic-string': [ '0.30.21' ],
36 silly audit   'math-intrinsics': [ '1.1.0' ],
36 silly audit   merge2: [ '1.4.1' ],
36 silly audit   meshline: [ '3.3.1' ],
36 silly audit   meshoptimizer: [ '1.0.1' ],
36 silly audit   micromatch: [ '4.0.8' ],
36 silly audit   minimist: [ '1.2.8' ],
36 silly audit   'motion-dom': [ '12.38.0' ],
36 silly audit   'motion-utils': [ '12.36.0' ],
36 silly audit   ms: [ '2.1.3' ],
36 silly audit   nanoid: [ '3.3.11' ],
36 silly audit   'napi-postinstall': [ '0.3.4' ],
36 silly audit   'natural-compare': [ '1.4.0' ],
36 silly audit   next: [ '16.2.4' ],
36 silly audit   postcss: [ '8.4.31', '8.5.10' ],
36 silly audit   'node-exports-info': [ '1.6.0' ],
36 silly audit   'node-releases': [ '2.0.37' ],
36 silly audit   'object-assign': [ '4.1.1' ],
36 silly audit   'object-inspect': [ '1.13.4' ],
36 silly audit   'object-keys': [ '1.1.1' ],
36 silly audit   'object.assign': [ '4.1.7' ],
36 silly audit   'object.entries': [ '1.1.9' ],
36 silly audit   'object.fromentries': [ '2.0.8' ],
36 silly audit   'object.groupby': [ '1.0.3' ],
36 silly audit   'object.values': [ '1.2.1' ],
36 silly audit   optionator: [ '0.9.4' ],
36 silly audit   'own-keys': [ '1.0.1' ],
36 silly audit   'p-limit': [ '3.1.0' ],
36 silly audit   'p-locate': [ '5.0.0' ],
36 silly audit   'parent-module': [ '1.0.1' ],
36 silly audit   'path-exists': [ '4.0.0' ],
36 silly audit   'path-key': [ '3.1.1' ],
36 silly audit   'path-parse': [ '1.0.7' ],
36 silly audit   picocolors: [ '1.1.1' ],
36 silly audit   picomatch: [ '2.3.2', '4.0.4' ],
36 silly audit   'possible-typed-array-names': [ '1.1.0' ],
36 silly audit   potpack: [ '1.0.2' ],
36 silly audit   'prelude-ls': [ '1.2.1' ],
36 silly audit   'promise-worker-transferable': [ '1.0.4' ],
36 silly audit   'prop-types': [ '15.8.1' ],
36 silly audit   punycode: [ '2.3.1' ],
36 silly audit   'queue-microtask': [ '1.2.3' ],
36 silly audit   react: [ '19.2.4' ],
36 silly audit   'react-dom': [ '19.2.4' ],
36 silly audit   'react-is': [ '16.13.1' ],
36 silly audit   'react-use-measure': [ '2.1.7' ],
36 silly audit   'reflect.getprototypeof': [ '1.0.10' ],
36 silly audit   'regexp.prototype.flags': [ '1.5.4' ],
36 silly audit   'require-from-string': [ '2.0.2' ],
36 silly audit   resolve: [ '2.0.0-next.6' ],
36 silly audit   'resolve-from': [ '4.0.0' ],
36 silly audit   'resolve-pkg-maps': [ '1.0.0' ],
36 silly audit   reusify: [ '1.1.0' ],
36 silly audit   'run-parallel': [ '1.2.0' ],
36 silly audit   'safe-array-concat': [ '1.1.3' ],
36 silly audit   'safe-push-apply': [ '1.0.0' ],
36 silly audit   'safe-regex-test': [ '1.1.0' ],
36 silly audit   scheduler: [ '0.27.0' ],
36 silly audit   'set-function-length': [ '1.2.2' ],
36 silly audit   'set-function-name': [ '2.0.2' ],
36 silly audit   'set-proto': [ '1.0.0' ],
36 silly audit   sharp: [ '0.34.5' ],
36 silly audit   'shebang-command': [ '2.0.0' ],
36 silly audit   'shebang-regex': [ '3.0.0' ],
36 silly audit   'side-channel': [ '1.1.0' ],
36 silly audit   'side-channel-list': [ '1.0.1' ],
36 silly audit   'side-channel-map': [ '1.0.1' ],
36 silly audit   'side-channel-weakmap': [ '1.0.2' ],
36 silly audit   'simplex-noise': [ '4.0.3' ],
36 silly audit   'source-map-js': [ '1.2.1' ],
36 silly audit   'stable-hash': [ '0.0.5' ],
36 silly audit   'stats-gl': [ '2.4.2' ],
36 silly audit   three: [ '0.170.0', '0.184.0' ],
36 silly audit   'stats.js': [ '0.17.0' ],
36 silly audit   'stop-iteration-iterator': [ '1.1.0' ],
36 silly audit   'string.prototype.includes': [ '2.0.1' ],
36 silly audit   'string.prototype.matchall': [ '4.0.12' ],
36 silly audit   'string.prototype.repeat': [ '1.0.0' ],
36 silly audit   'string.prototype.trim': [ '1.2.10' ],
36 silly audit   'string.prototype.trimend': [ '1.0.9' ],
36 silly audit   'string.prototype.trimstart': [ '1.0.8' ],
36 silly audit   'strip-bom': [ '3.0.0' ],
36 silly audit   'strip-json-comments': [ '3.1.1' ],
36 silly audit   'styled-jsx': [ '5.1.6' ],
36 silly audit   'supports-color': [ '7.2.0' ],
36 silly audit   'supports-preserve-symlinks-flag': [ '1.0.0' ],
36 silly audit   'suspend-react': [ '0.1.3' ],
36 silly audit   'tailwind-merge': [ '3.5.0' ],
36 silly audit   tailwindcss: [ '4.2.2' ],
36 silly audit   tapable: [ '2.3.2' ],
36 silly audit   'three-mesh-bvh': [ '0.8.3' ],
36 silly audit   'three-stdlib': [ '2.36.1' ],
36 silly audit   tinyglobby: [ '0.2.16' ],
36 silly audit   fdir: [ '6.5.0' ],
36 silly audit   'to-regex-range': [ '5.0.1' ],
36 silly audit   'troika-three-text': [ '0.52.4' ],
36 silly audit   'troika-three-utils': [ '0.52.4' ],
36 silly audit   'troika-worker-utils': [ '0.52.0' ],
36 silly audit   'ts-api-utils': [ '2.5.0' ],
36 silly audit   'tsconfig-paths': [ '3.15.0' ],
36 silly audit   tslib: [ '2.8.1' ],
36 silly audit   'tunnel-rat': [ '0.1.2' ],
36 silly audit   zustand: [ '4.5.7', '5.0.12' ],
36 silly audit   'type-check': [ '0.4.0' ],
36 silly audit   'typed-array-buffer': [ '1.0.3' ],
36 silly audit   'typed-array-byte-length': [ '1.0.3' ],
36 silly audit   'typed-array-byte-offset': [ '1.0.4' ],
36 silly audit   'typed-array-length': [ '1.0.7' ],
36 silly audit   typescript: [ '5.9.3' ],
36 silly audit   'typescript-eslint': [ '8.58.2' ],
36 silly audit   'unbox-primitive': [ '1.1.0' ],
36 silly audit   'undici-types': [ '6.21.0' ],
36 silly audit   'unrs-resolver': [ '1.11.1' ],
36 silly audit   'update-browserslist-db': [ '1.2.3' ],
36 silly audit   'uri-js': [ '4.4.1' ],
36 silly audit   'use-sync-external-store': [ '1.6.0' ],
36 silly audit   'utility-types': [ '3.11.0' ],
36 silly audit   'webgl-constants': [ '1.1.1' ],
36 silly audit   'webgl-sdf-generator': [ '1.1.1' ],
36 silly audit   which: [ '2.0.2' ],
36 silly audit   'which-boxed-primitive': [ '1.1.1' ],
36 silly audit   'which-builtin-type': [ '1.2.1' ],
36 silly audit   'which-collection': [ '1.0.2' ],
36 silly audit   'which-typed-array': [ '1.1.20' ],
36 silly audit   'word-wrap': [ '1.2.5' ],
36 silly audit   yallist: [ '3.1.1' ],
36 silly audit   'yocto-queue': [ '0.1.0' ],
36 silly audit   zod: [ '4.3.6' ],
36 silly audit   'zod-validation-error': [ '4.0.2' ],
36 silly audit   '@react-three/postprocessing': [ '3.0.4' ],
36 silly audit   postprocessing: [ '6.39.0' ],
36 silly audit   n8ao: [ '1.10.1' ]
36 silly audit }
37 http cache postprocessing@https://registry.npmjs.org/postprocessing/-/postprocessing-6.39.0.tgz 0ms (cache hit)
38 http cache maath@https://registry.npmjs.org/maath/-/maath-0.6.0.tgz 0ms (cache hit)
39 http cache n8ao@https://registry.npmjs.org/n8ao/-/n8ao-1.10.1.tgz 0ms (cache hit)
40 http cache @react-three/postprocessing@https://registry.npmjs.org/@react-three/postprocessing/-/postprocessing-3.0.4.tgz 0ms (cache hit)
41 silly tarball no local data for postprocessing@https://registry.npmjs.org/postprocessing/-/postprocessing-6.39.0.tgz. Extracting by manifest.
42 silly tarball no local data for maath@https://registry.npmjs.org/maath/-/maath-0.6.0.tgz. Extracting by manifest.
43 silly tarball no local data for n8ao@https://registry.npmjs.org/n8ao/-/n8ao-1.10.1.tgz. Extracting by manifest.
44 silly tarball no local data for @react-three/postprocessing@https://registry.npmjs.org/@react-three/postprocessing/-/postprocessing-3.0.4.tgz. Extracting by manifest.
45 http fetch GET 200 https://registry.npmjs.org/maath/-/maath-0.6.0.tgz 97ms (cache miss)
46 http fetch GET 200 https://registry.npmjs.org/postprocessing/-/postprocessing-6.39.0.tgz 109ms (cache miss)
47 http fetch POST 200 https://registry.npmjs.org/-/npm/v1/security/advisories/bulk 117ms
48 silly audit report {}
49 http fetch GET 200 https://registry.npmjs.org/n8ao/-/n8ao-1.10.1.tgz 122ms (cache miss)
50 http fetch GET 200 https://registry.npmjs.org/@react-three/postprocessing/-/postprocessing-3.0.4.tgz 136ms (cache miss)
51 silly ADD node_modules/n8ao
52 silly ADD node_modules/postprocessing
53 silly ADD node_modules/@react-three/postprocessing
54 silly ADD node_modules/@react-three/postprocessing/node_modules/maath
55 verbose cwd /Users/preethamdandu/Desktop/pkapkapkap
56 verbose os Darwin 25.4.0
57 verbose node v24.4.0
58 verbose npm  v11.4.2
59 verbose exit 0
60 info ok
