0 verbose cli /opt/homebrew/Cellar/node/24.4.0/bin/node /opt/homebrew/bin/npm
1 info using npm@11.4.2
2 info using node@v24.4.0
3 silly config load:file:/opt/homebrew/lib/node_modules/npm/npmrc
4 silly config load:file:/Users/preethamdandu/Desktop/pkapkapkap/.npmrc
5 silly config load:file:/opt/homebrew/etc/npmrc
6 verbose title npm install framer-motion gsap @gsap/react lenis three @react-three/fiber @react-three/drei simplex-noise lucide-react clsx tailwind-merge
7 verbose argv "install" "framer-motion" "gsap" "@gsap/react" "lenis" "three" "@react-three/fiber" "@react-three/drei" "simplex-noise" "lucide-react" "clsx" "tailwind-merge"
8 verbose logfile logs-max:10 dir:/Users/preethamdandu/Desktop/pkapkapkap/.npm-cache/_logs/2026-04-16T19_07_46_999Z-
9 verbose logfile /Users/preethamdandu/Desktop/pkapkapkap/.npm-cache/_logs/2026-04-16T19_07_46_999Z-debug-0.log
10 silly logfile done cleaning log files
11 silly packumentCache heap:4496293888 maxSize:1124073472 maxEntrySize:562036736
12 silly idealTree buildDeps
13 silly fetch manifest framer-motion@*
14 silly packumentCache full:https://registry.npmjs.org/framer-motion cache-miss
15 http fetch GET 200 https://registry.npmjs.org/framer-motion 210ms (cache miss)
16 silly packumentCache full:https://registry.npmjs.org/framer-motion set size:undefined disposed:false
17 silly fetch manifest @emotion/is-prop-valid@*
18 silly packumentCache full:https://registry.npmjs.org/@emotion%2fis-prop-valid cache-miss
19 http fetch GET 200 https://registry.npmjs.org/@emotion%2fis-prop-valid 79ms (cache miss)
20 silly packumentCache full:https://registry.npmjs.org/@emotion%2fis-prop-valid set size:undefined disposed:false
21 silly fetch manifest react@19.2.4
22 silly packumentCache full:https://registry.npmjs.org/react cache-miss
23 http cache https://registry.npmjs.org/react 9ms (cache hit)
24 silly packumentCache full:https://registry.npmjs.org/react set size:6609926 disposed:false
25 silly fetch manifest react-dom@19.2.4
26 silly packumentCache full:https://registry.npmjs.org/react-dom cache-miss
27 http cache https://registry.npmjs.org/react-dom 9ms (cache hit)
28 silly packumentCache full:https://registry.npmjs.org/react-dom set size:8798957 disposed:false
29 silly fetch manifest gsap@*
30 silly packumentCache full:https://registry.npmjs.org/gsap cache-miss
31 http fetch GET 200 https://registry.npmjs.org/gsap 118ms (cache miss)
32 silly packumentCache full:https://registry.npmjs.org/gsap set size:undefined disposed:false
33 silly fetch manifest @gsap/react@*
34 silly packumentCache full:https://registry.npmjs.org/@gsap%2freact cache-miss
35 http fetch GET 200 https://registry.npmjs.org/@gsap%2freact 294ms (cache miss)
36 silly packumentCache full:https://registry.npmjs.org/@gsap%2freact set size:undefined disposed:false
37 silly fetch manifest lenis@*
38 silly packumentCache full:https://registry.npmjs.org/lenis cache-miss
39 http fetch GET 200 https://registry.npmjs.org/lenis 53ms (cache miss)
40 silly packumentCache full:https://registry.npmjs.org/lenis set size:undefined disposed:false
41 silly fetch manifest @nuxt/kit@>=3.0.0
42 silly packumentCache full:https://registry.npmjs.org/@nuxt%2fkit cache-miss
43 http fetch GET 200 https://registry.npmjs.org/@nuxt%2fkit 265ms (cache miss)
44 silly packumentCache full:https://registry.npmjs.org/@nuxt%2fkit set size:undefined disposed:false
45 silly fetch manifest vue@>=3.0.0
46 silly packumentCache full:https://registry.npmjs.org/vue cache-miss
47 http fetch GET 200 https://registry.npmjs.org/vue 79ms (cache miss)
48 silly packumentCache full:https://registry.npmjs.org/vue set size:undefined disposed:false
49 silly fetch manifest typescript@^5
50 silly packumentCache full:https://registry.npmjs.org/typescript cache-miss
51 http cache https://registry.npmjs.org/typescript 20ms (cache hit)
52 silly packumentCache full:https://registry.npmjs.org/typescript set size:15403176 disposed:false
53 silly fetch manifest three@*
54 silly packumentCache full:https://registry.npmjs.org/three cache-miss
55 http fetch GET 200 https://registry.npmjs.org/three 55ms (cache miss)
56 silly packumentCache full:https://registry.npmjs.org/three set size:undefined disposed:false
57 silly fetch manifest @react-three/fiber@*
58 silly packumentCache full:https://registry.npmjs.org/@react-three%2ffiber cache-miss
59 http fetch GET 200 https://registry.npmjs.org/@react-three%2ffiber 70ms (cache miss)
60 silly packumentCache full:https://registry.npmjs.org/@react-three%2ffiber set size:undefined disposed:false
61 silly fetch manifest expo@>=43.0
62 silly packumentCache full:https://registry.npmjs.org/expo cache-miss
63 http fetch GET 200 https://registry.npmjs.org/expo 165ms (cache miss)
64 silly packumentCache full:https://registry.npmjs.org/expo set size:undefined disposed:false
65 silly fetch manifest @expo/dom-webview@*
66 silly packumentCache full:https://registry.npmjs.org/@expo%2fdom-webview cache-miss
67 http fetch GET 200 https://registry.npmjs.org/@expo%2fdom-webview 74ms (cache miss)
68 silly packumentCache full:https://registry.npmjs.org/@expo%2fdom-webview set size:undefined disposed:false
69 silly fetch manifest react-native@*
70 silly packumentCache full:https://registry.npmjs.org/react-native cache-miss
71 http fetch GET 200 https://registry.npmjs.org/react-native 212ms (cache miss)
72 silly packumentCache full:https://registry.npmjs.org/react-native set size:undefined disposed:false
73 silly fetch manifest @react-native/jest-preset@0.85.1
74 silly packumentCache full:https://registry.npmjs.org/@react-native%2fjest-preset cache-miss
75 http fetch GET 200 https://registry.npmjs.org/@react-native%2fjest-preset 108ms (cache miss)
76 silly packumentCache full:https://registry.npmjs.org/@react-native%2fjest-preset set size:undefined disposed:false
77 silly fetch manifest @types/react@^19
78 silly packumentCache full:https://registry.npmjs.org/@types%2freact cache-miss
79 http cache https://registry.npmjs.org/@types%2freact 4ms (cache hit)
80 silly packumentCache full:https://registry.npmjs.org/@types%2freact set size:2588964 disposed:false
81 silly fetch manifest @expo/metro-runtime@*
82 silly packumentCache full:https://registry.npmjs.org/@expo%2fmetro-runtime cache-miss
83 http fetch GET 200 https://registry.npmjs.org/@expo%2fmetro-runtime 88ms (cache miss)
84 silly packumentCache full:https://registry.npmjs.org/@expo%2fmetro-runtime set size:undefined disposed:false
85 silly fetch manifest react-native-webview@*
86 silly packumentCache full:https://registry.npmjs.org/react-native-webview cache-miss
87 http fetch GET 200 https://registry.npmjs.org/react-native-webview 56ms (cache miss)
88 silly packumentCache full:https://registry.npmjs.org/react-native-webview set size:undefined disposed:false
89 silly fetch manifest expo-asset@>=8.4
90 silly packumentCache full:https://registry.npmjs.org/expo-asset cache-miss
91 http fetch GET 200 https://registry.npmjs.org/expo-asset 59ms (cache miss)
92 silly packumentCache full:https://registry.npmjs.org/expo-asset set size:undefined disposed:false
93 silly fetch manifest expo-file-system@>=11.0
94 silly packumentCache full:https://registry.npmjs.org/expo-file-system cache-miss
95 http fetch GET 200 https://registry.npmjs.org/expo-file-system 85ms (cache miss)
96 silly packumentCache full:https://registry.npmjs.org/expo-file-system set size:undefined disposed:false
97 silly fetch manifest expo-gl@>=11.0
98 silly packumentCache full:https://registry.npmjs.org/expo-gl cache-miss
99 http fetch GET 200 https://registry.npmjs.org/expo-gl 43ms (cache miss)
100 silly packumentCache full:https://registry.npmjs.org/expo-gl set size:undefined disposed:false
101 silly fetch manifest react-native-reanimated@*
102 silly packumentCache full:https://registry.npmjs.org/react-native-reanimated cache-miss
103 http fetch GET 200 https://registry.npmjs.org/react-native-reanimated 186ms (cache miss)
104 silly packumentCache full:https://registry.npmjs.org/react-native-reanimated set size:undefined disposed:false
105 silly fetch manifest react-native-worklets@0.8.x
106 silly packumentCache full:https://registry.npmjs.org/react-native-worklets cache-miss
107 http fetch GET 200 https://registry.npmjs.org/react-native-worklets 74ms (cache miss)
108 silly packumentCache full:https://registry.npmjs.org/react-native-worklets set size:undefined disposed:false
109 silly fetch manifest @babel/core@*
110 silly packumentCache full:https://registry.npmjs.org/@babel%2fcore cache-miss
111 http cache https://registry.npmjs.org/@babel%2fcore 3ms (cache hit)
112 silly packumentCache full:https://registry.npmjs.org/@babel%2fcore set size:760113 disposed:false
113 silly fetch manifest @react-native/metro-config@*
114 silly packumentCache full:https://registry.npmjs.org/@react-native%2fmetro-config cache-miss
115 http fetch GET 200 https://registry.npmjs.org/@react-native%2fmetro-config 88ms (cache miss)
116 silly packumentCache full:https://registry.npmjs.org/@react-native%2fmetro-config set size:undefined disposed:false
117 silly fetch manifest react-native-web@*
118 silly packumentCache full:https://registry.npmjs.org/react-native-web cache-miss
119 http fetch GET 200 https://registry.npmjs.org/react-native-web 62ms (cache miss)
120 silly packumentCache full:https://registry.npmjs.org/react-native-web set size:undefined disposed:false
121 silly fetch manifest @react-three/drei@*
122 silly packumentCache full:https://registry.npmjs.org/@react-three%2fdrei cache-miss
123 http fetch GET 200 https://registry.npmjs.org/@react-three%2fdrei 168ms (cache miss)
124 silly packumentCache full:https://registry.npmjs.org/@react-three%2fdrei set size:undefined disposed:false
125 silly fetch manifest simplex-noise@*
126 silly packumentCache full:https://registry.npmjs.org/simplex-noise cache-miss
127 http fetch GET 200 https://registry.npmjs.org/simplex-noise 164ms (cache miss)
128 silly packumentCache full:https://registry.npmjs.org/simplex-noise set size:undefined disposed:false
129 silly fetch manifest lucide-react@*
130 silly packumentCache full:https://registry.npmjs.org/lucide-react cache-miss
131 http fetch GET 200 https://registry.npmjs.org/lucide-react 61ms (cache miss)
132 silly packumentCache full:https://registry.npmjs.org/lucide-react set size:undefined disposed:false
133 silly fetch manifest clsx@*
134 silly packumentCache full:https://registry.npmjs.org/clsx cache-miss
135 http fetch GET 200 https://registry.npmjs.org/clsx 40ms (cache miss)
136 silly packumentCache full:https://registry.npmjs.org/clsx set size:undefined disposed:false
137 silly fetch manifest tailwind-merge@*
138 silly packumentCache full:https://registry.npmjs.org/tailwind-merge cache-miss
139 http fetch GET 200 https://registry.npmjs.org/tailwind-merge 66ms (cache miss)
140 silly packumentCache full:https://registry.npmjs.org/tailwind-merge set size:undefined disposed:false
141 silly placeDep ROOT @gsap/react@2.1.2 OK for: next-app@0.1.0 want: *
142 silly placeDep ROOT gsap@3.15.0 OK for: @gsap/react@2.1.2 want: ^3.12.5
143 silly placeDep ROOT @react-three/drei@10.7.7 OK for: next-app@0.1.0 want: *
144 silly placeDep ROOT three@0.184.0 OK for: @react-three/drei@10.7.7 want: >=0.159
145 silly placeDep ROOT @react-three/fiber@9.6.0 OK for: @react-three/drei@10.7.7 want: ^9.0.0
146 silly placeDep ROOT @react-three/fiber@9.6.0 REPLACE for: next-app@0.1.0 want: *
147 silly placeDep ROOT clsx@2.1.1 OK for: next-app@0.1.0 want: *
148 silly placeDep ROOT framer-motion@12.38.0 OK for: next-app@0.1.0 want: *
149 silly placeDep ROOT gsap@3.15.0 REPLACE for: next-app@0.1.0 want: *
150 silly placeDep ROOT lenis@1.3.23 OK for: next-app@0.1.0 want: *
151 silly placeDep ROOT lucide-react@1.8.0 OK for: next-app@0.1.0 want: *
152 silly placeDep ROOT simplex-noise@4.0.3 OK for: next-app@0.1.0 want: *
153 silly placeDep ROOT tailwind-merge@3.5.0 OK for: next-app@0.1.0 want: *
154 silly placeDep ROOT three@0.184.0 REPLACE for: next-app@0.1.0 want: *
155 silly fetch manifest maath@^0.10.8
156 silly packumentCache full:https://registry.npmjs.org/maath cache-miss
157 silly fetch manifest hls.js@^1.5.17
158 silly packumentCache full:https://registry.npmjs.org/hls.js cache-miss
159 silly fetch manifest zustand@^5.0.1
160 silly packumentCache full:https://registry.npmjs.org/zustand cache-miss
161 silly fetch manifest meshline@^3.3.1
162 silly packumentCache full:https://registry.npmjs.org/meshline cache-miss
163 silly fetch manifest stats-gl@^2.2.8
164 silly packumentCache full:https://registry.npmjs.org/stats-gl cache-miss
165 silly fetch manifest stats.js@^0.17.0
166 silly packumentCache full:https://registry.npmjs.org/stats.js cache-miss
167 silly fetch manifest cross-env@^7.0.3
168 silly packumentCache full:https://registry.npmjs.org/cross-env cache-miss
169 silly fetch manifest detect-gpu@^5.0.56
170 silly packumentCache full:https://registry.npmjs.org/detect-gpu cache-miss
171 silly fetch manifest glsl-noise@^0.0.0
172 silly packumentCache full:https://registry.npmjs.org/glsl-noise cache-miss
173 silly fetch manifest tunnel-rat@^0.1.2
174 silly packumentCache full:https://registry.npmjs.org/tunnel-rat cache-miss
175 silly fetch manifest three-stdlib@^2.35.6
176 silly packumentCache full:https://registry.npmjs.org/three-stdlib cache-miss
177 silly fetch manifest suspend-react@^0.1.3
178 silly packumentCache full:https://registry.npmjs.org/suspend-react cache-miss
179 silly fetch manifest utility-types@^3.11.0
180 silly packumentCache full:https://registry.npmjs.org/utility-types cache-miss
181 http fetch GET 200 https://registry.npmjs.org/maath 55ms (cache miss)
182 silly packumentCache full:https://registry.npmjs.org/maath set size:undefined disposed:false
183 silly fetch manifest @babel/runtime@^7.26.0
184 silly packumentCache full:https://registry.npmjs.org/@babel%2fruntime cache-miss
185 http fetch GET 200 https://registry.npmjs.org/glsl-noise 62ms (cache miss)
186 silly packumentCache full:https://registry.npmjs.org/glsl-noise set size:undefined disposed:false
187 silly fetch manifest three-mesh-bvh@^0.8.3
188 silly packumentCache full:https://registry.npmjs.org/three-mesh-bvh cache-miss
189 http fetch GET 200 https://registry.npmjs.org/three-stdlib 80ms (cache miss)
190 silly packumentCache full:https://registry.npmjs.org/three-stdlib set size:undefined disposed:false
191 silly fetch manifest camera-controls@^3.1.0
192 silly packumentCache full:https://registry.npmjs.org/camera-controls cache-miss
193 http fetch GET 200 https://registry.npmjs.org/zustand 84ms (cache miss)
194 silly packumentCache full:https://registry.npmjs.org/zustand set size:undefined disposed:false
195 silly fetch manifest troika-three-text@^0.52.4
196 silly packumentCache full:https://registry.npmjs.org/troika-three-text cache-miss
197 http fetch GET 200 https://registry.npmjs.org/cross-env 93ms (cache miss)
198 silly packumentCache full:https://registry.npmjs.org/cross-env set size:undefined disposed:false
199 silly fetch manifest @use-gesture/react@^10.3.1
200 silly packumentCache full:https://registry.npmjs.org/@use-gesture%2freact cache-miss
201 http fetch GET 200 https://registry.npmjs.org/tunnel-rat 201ms (cache miss)
202 silly packumentCache full:https://registry.npmjs.org/tunnel-rat set size:undefined disposed:false
203 silly fetch manifest @monogrid/gainmap-js@^3.0.6
204 silly packumentCache full:https://registry.npmjs.org/@monogrid%2fgainmap-js cache-miss
205 http fetch GET 200 https://registry.npmjs.org/stats.js 209ms (cache miss)
206 silly packumentCache full:https://registry.npmjs.org/stats.js set size:undefined disposed:false
207 silly fetch manifest @mediapipe/tasks-vision@0.10.17
208 silly packumentCache full:https://registry.npmjs.org/@mediapipe%2ftasks-vision cache-miss
209 http fetch GET 200 https://registry.npmjs.org/three-mesh-bvh 150ms (cache miss)
210 silly packumentCache full:https://registry.npmjs.org/three-mesh-bvh set size:undefined disposed:false
211 silly fetch manifest use-sync-external-store@^1.4.0
212 silly packumentCache full:https://registry.npmjs.org/use-sync-external-store cache-miss
213 http fetch GET 200 https://registry.npmjs.org/camera-controls 133ms (cache miss)
214 silly packumentCache full:https://registry.npmjs.org/camera-controls set size:undefined disposed:false
215 silly fetch manifest @babel/runtime@^7.17.8
216 silly packumentCache full:https://registry.npmjs.org/@babel%2fruntime cache-miss
217 http fetch GET 200 https://registry.npmjs.org/hls.js 247ms (cache miss)
218 silly packumentCache full:https://registry.npmjs.org/hls.js set size:undefined disposed:false
219 silly fetch manifest @types/webxr@*
220 silly packumentCache full:https://registry.npmjs.org/@types%2fwebxr cache-miss
221 http fetch GET 200 https://registry.npmjs.org/suspend-react 289ms (cache miss)
222 silly packumentCache full:https://registry.npmjs.org/suspend-react set size:undefined disposed:false
223 silly fetch manifest base64-js@^1.5.1
224 silly packumentCache full:https://registry.npmjs.org/base64-js cache-miss
225 http fetch GET 200 https://registry.npmjs.org/stats-gl 292ms (cache miss)
226 silly packumentCache full:https://registry.npmjs.org/stats-gl set size:undefined disposed:false
227 silly fetch manifest buffer@^6.0.3
228 silly packumentCache full:https://registry.npmjs.org/buffer cache-miss
229 http fetch GET 200 https://registry.npmjs.org/utility-types 292ms (cache miss)
230 silly packumentCache full:https://registry.npmjs.org/utility-types set size:undefined disposed:false
231 silly fetch manifest its-fine@^2.0.0
232 silly packumentCache full:https://registry.npmjs.org/its-fine cache-miss
233 http fetch GET 200 https://registry.npmjs.org/@monogrid%2fgainmap-js 94ms (cache miss)
234 silly packumentCache full:https://registry.npmjs.org/@monogrid%2fgainmap-js set size:undefined disposed:false
235 silly fetch manifest react-use-measure@^2.1.7
236 silly packumentCache full:https://registry.npmjs.org/react-use-measure cache-miss
237 http fetch GET 200 https://registry.npmjs.org/@mediapipe%2ftasks-vision 91ms (cache miss)
238 silly packumentCache full:https://registry.npmjs.org/@mediapipe%2ftasks-vision set size:undefined disposed:false
239 silly fetch manifest use-sync-external-store@^1.4.0
240 silly packumentCache full:https://registry.npmjs.org/use-sync-external-store cache-miss
241 http fetch GET 200 https://registry.npmjs.org/detect-gpu 304ms (cache miss)
242 silly packumentCache full:https://registry.npmjs.org/detect-gpu set size:undefined disposed:false
243 silly fetch manifest zustand@^5.0.3
244 silly packumentCache full:https://registry.npmjs.org/zustand cache-miss
245 http cache https://registry.npmjs.org/zustand 3ms (cache hit)
246 silly packumentCache full:https://registry.npmjs.org/zustand set size:499606 disposed:false
247 silly fetch manifest @babel/runtime@^7.17.8
248 silly packumentCache full:https://registry.npmjs.org/@babel%2fruntime cache-miss
249 http fetch GET 200 https://registry.npmjs.org/use-sync-external-store 105ms (cache miss)
250 silly packumentCache full:https://registry.npmjs.org/use-sync-external-store set size:undefined disposed:false
251 silly fetch manifest @types/webxr@*
252 silly packumentCache full:https://registry.npmjs.org/@types%2fwebxr cache-miss
253 http fetch GET 200 https://registry.npmjs.org/@babel%2fruntime 111ms (cache miss)
254 silly packumentCache full:https://registry.npmjs.org/@babel%2fruntime set size:undefined disposed:false
255 silly fetch manifest base64-js@^1.5.1
256 silly packumentCache full:https://registry.npmjs.org/base64-js cache-miss
257 http fetch GET 200 https://registry.npmjs.org/base64-js 53ms (cache miss)
258 silly packumentCache full:https://registry.npmjs.org/base64-js set size:undefined disposed:false
259 silly fetch manifest buffer@^6.0.3
260 silly packumentCache full:https://registry.npmjs.org/buffer cache-miss
261 http fetch GET 200 https://registry.npmjs.org/react-use-measure 48ms (cache miss)
262 silly packumentCache full:https://registry.npmjs.org/react-use-measure set size:undefined disposed:false
263 silly fetch manifest its-fine@^2.0.0
264 silly packumentCache full:https://registry.npmjs.org/its-fine cache-miss
265 http fetch GET 200 https://registry.npmjs.org/its-fine 52ms (cache miss)
266 silly packumentCache full:https://registry.npmjs.org/its-fine set size:undefined disposed:false
267 silly fetch manifest motion-dom@^12.38.0
268 silly packumentCache full:https://registry.npmjs.org/motion-dom cache-miss
269 http fetch GET 200 https://registry.npmjs.org/buffer 54ms (cache miss)
270 silly packumentCache full:https://registry.npmjs.org/buffer set size:undefined disposed:false
271 silly fetch manifest motion-utils@^12.36.0
272 silly packumentCache full:https://registry.npmjs.org/motion-utils cache-miss
273 http cache https://registry.npmjs.org/its-fine 3ms (cache hit)
274 silly packumentCache full:https://registry.npmjs.org/its-fine set size:119242 disposed:false
275 http fetch GET 200 https://registry.npmjs.org/troika-three-text 295ms (cache miss)
276 silly packumentCache full:https://registry.npmjs.org/troika-three-text set size:undefined disposed:false
277 http fetch GET 200 https://registry.npmjs.org/base64-js 47ms (cache miss)
278 silly packumentCache full:https://registry.npmjs.org/base64-js set size:undefined disposed:false
279 http fetch GET 200 https://registry.npmjs.org/motion-dom 40ms (cache miss)
280 silly packumentCache full:https://registry.npmjs.org/motion-dom set size:undefined disposed:false
281 http fetch GET 200 https://registry.npmjs.org/buffer 44ms (cache miss)
282 silly packumentCache full:https://registry.npmjs.org/buffer set size:undefined disposed:false
283 http fetch GET 200 https://registry.npmjs.org/@types%2fwebxr 107ms (cache miss)
284 silly packumentCache full:https://registry.npmjs.org/@types%2fwebxr set size:undefined disposed:false
285 http fetch GET 200 https://registry.npmjs.org/@types%2fwebxr 68ms (cache miss)
286 silly packumentCache full:https://registry.npmjs.org/@types%2fwebxr set size:undefined disposed:false
287 http fetch GET 200 https://registry.npmjs.org/use-sync-external-store 92ms (cache miss)
288 silly packumentCache full:https://registry.npmjs.org/use-sync-external-store set size:undefined disposed:false
289 http fetch GET 200 https://registry.npmjs.org/motion-utils 61ms (cache miss)
290 silly packumentCache full:https://registry.npmjs.org/motion-utils set size:undefined disposed:false
291 http fetch GET 200 https://registry.npmjs.org/@babel%2fruntime 99ms (cache miss)
292 silly packumentCache full:https://registry.npmjs.org/@babel%2fruntime set size:undefined disposed:false
293 http fetch GET 200 https://registry.npmjs.org/meshline 444ms (cache miss)
294 silly packumentCache full:https://registry.npmjs.org/meshline set size:undefined disposed:false
295 http fetch GET 200 https://registry.npmjs.org/@use-gesture%2freact 435ms (cache miss)
296 silly packumentCache full:https://registry.npmjs.org/@use-gesture%2freact set size:undefined disposed:false
297 http fetch GET 200 https://registry.npmjs.org/@babel%2fruntime 504ms (cache miss)
298 silly packumentCache full:https://registry.npmjs.org/@babel%2fruntime set size:undefined disposed:false
299 silly fetch manifest @types/three@>=0.134.0
300 silly packumentCache full:https://registry.npmjs.org/@types%2fthree cache-miss
301 http fetch GET 200 https://registry.npmjs.org/@types%2fthree 144ms (cache miss)
302 silly packumentCache full:https://registry.npmjs.org/@types%2fthree set size:undefined disposed:false
303 silly fetch manifest three@>=0.159
304 silly packumentCache full:https://registry.npmjs.org/three cache-miss
305 http cache https://registry.npmjs.org/three 3ms (cache hit)
306 silly packumentCache full:https://registry.npmjs.org/three set size:925364 disposed:false
307 silly fetch manifest @types/react@>=18.0.0
308 silly packumentCache full:https://registry.npmjs.org/@types%2freact cache-miss
309 http cache https://registry.npmjs.org/@types%2freact 4ms (cache hit)
310 silly packumentCache full:https://registry.npmjs.org/@types%2freact set size:2588964 disposed:false
311 silly fetch manifest immer@>=9.0.6
312 silly packumentCache full:https://registry.npmjs.org/immer cache-miss
313 http fetch GET 200 https://registry.npmjs.org/immer 39ms (cache miss)
314 silly packumentCache full:https://registry.npmjs.org/immer set size:undefined disposed:false
315 silly fetch manifest react@^19
316 silly packumentCache full:https://registry.npmjs.org/react cache-miss
317 http cache https://registry.npmjs.org/react 8ms (cache hit)
318 silly packumentCache full:https://registry.npmjs.org/react set size:6609926 disposed:false
319 silly placeDep ROOT @babel/runtime@7.29.2 OK for: @react-three/drei@10.7.7 want: ^7.26.0
320 silly placeDep ROOT @mediapipe/tasks-vision@0.10.17 OK for: @react-three/drei@10.7.7 want: 0.10.17
321 silly placeDep ROOT @monogrid/gainmap-js@3.4.0 OK for: @react-three/drei@10.7.7 want: ^3.0.6
322 silly placeDep ROOT @use-gesture/react@10.3.1 OK for: @react-three/drei@10.7.7 want: ^10.3.1
323 silly placeDep ROOT camera-controls@3.1.2 OK for: @react-three/drei@10.7.7 want: ^3.1.0
324 silly placeDep ROOT cross-env@7.0.3 OK for: @react-three/drei@10.7.7 want: ^7.0.3
325 silly placeDep ROOT detect-gpu@5.0.70 OK for: @react-three/drei@10.7.7 want: ^5.0.56
326 silly placeDep ROOT glsl-noise@0.0.0 OK for: @react-three/drei@10.7.7 want: ^0.0.0
327 silly placeDep ROOT hls.js@1.6.16 OK for: @react-three/drei@10.7.7 want: ^1.5.17
328 silly placeDep ROOT maath@0.10.8 OK for: @react-three/drei@10.7.7 want: ^0.10.8
329 silly placeDep ROOT @types/three@0.183.1 OK for: maath@0.10.8 want: >=0.134.0
330 silly placeDep ROOT meshline@3.3.1 OK for: @react-three/drei@10.7.7 want: ^3.3.1
331 silly placeDep ROOT stats-gl@2.4.2 OK for: @react-three/drei@10.7.7 want: ^2.2.8
332 silly placeDep ROOT stats.js@0.17.0 OK for: @react-three/drei@10.7.7 want: ^0.17.0
333 silly placeDep ROOT suspend-react@0.1.3 OK for: @react-three/drei@10.7.7 want: ^0.1.3
334 silly placeDep ROOT three-mesh-bvh@0.8.3 OK for: @react-three/drei@10.7.7 want: ^0.8.3
335 silly placeDep ROOT three-stdlib@2.36.1 OK for: @react-three/drei@10.7.7 want: ^2.35.6
336 silly placeDep ROOT troika-three-text@0.52.4 OK for: @react-three/drei@10.7.7 want: ^0.52.4
337 silly placeDep ROOT tunnel-rat@0.1.2 OK for: @react-three/drei@10.7.7 want: ^0.1.2
338 silly placeDep ROOT use-sync-external-store@1.6.0 OK for: @react-three/drei@10.7.7 want: ^1.4.0
339 silly placeDep ROOT utility-types@3.11.0 OK for: @react-three/drei@10.7.7 want: ^3.11.0
340 silly placeDep ROOT zustand@5.0.12 OK for: @react-three/drei@10.7.7 want: ^5.0.1
341 silly fetch manifest promise-worker-transferable@^1.0.4
342 silly packumentCache full:https://registry.npmjs.org/promise-worker-transferable cache-miss
343 silly fetch manifest @use-gesture/core@10.3.1
344 silly packumentCache full:https://registry.npmjs.org/@use-gesture%2fcore cache-miss
345 silly fetch manifest webgl-constants@^1.1.1
346 silly packumentCache full:https://registry.npmjs.org/webgl-constants cache-miss
347 silly fetch manifest fflate@~0.8.2
348 silly packumentCache full:https://registry.npmjs.org/fflate cache-miss
349 silly fetch manifest @types/webxr@>=0.5.17
350 silly packumentCache full:https://registry.npmjs.org/@types%2fwebxr cache-miss
351 silly fetch manifest @webgpu/types@*
352 silly packumentCache full:https://registry.npmjs.org/@webgpu%2ftypes cache-miss
353 silly fetch manifest meshoptimizer@~1.0.1
354 silly packumentCache full:https://registry.npmjs.org/meshoptimizer cache-miss
355 silly fetch manifest @types/stats.js@*
356 silly packumentCache full:https://registry.npmjs.org/@types%2fstats.js cache-miss
357 silly fetch manifest @tweenjs/tween.js@~23.1.3
358 silly packumentCache full:https://registry.npmjs.org/@tweenjs%2ftween.js cache-miss
359 silly fetch manifest @dimforge/rapier3d-compat@~0.12.0
360 silly packumentCache full:https://registry.npmjs.org/@dimforge%2frapier3d-compat cache-miss
361 silly fetch manifest three@^0.170.0
362 silly packumentCache full:https://registry.npmjs.org/three cache-hit
363 silly fetch manifest @types/draco3d@^1.4.0
364 silly packumentCache full:https://registry.npmjs.org/@types%2fdraco3d cache-miss
365 silly fetch manifest @types/offscreencanvas@^2019.6.4
366 silly packumentCache full:https://registry.npmjs.org/@types%2foffscreencanvas cache-miss
367 silly fetch manifest @types/webxr@^0.5.2
368 silly packumentCache full:https://registry.npmjs.org/@types%2fwebxr cache-miss
369 http cache https://registry.npmjs.org/@types%2fwebxr 5ms (cache hit)
370 silly packumentCache full:https://registry.npmjs.org/@types%2fwebxr set size:64472 disposed:false
371 silly fetch manifest draco3d@^1.4.1
372 silly packumentCache full:https://registry.npmjs.org/draco3d cache-miss
373 http cache https://registry.npmjs.org/@types%2fwebxr 3ms (cache hit)
374 silly packumentCache full:https://registry.npmjs.org/@types%2fwebxr set size:64472 disposed:false
375 silly packumentCache full:https://registry.npmjs.org/@types%2fwebxr dispose
376 silly fetch manifest fflate@^0.6.9
377 silly packumentCache full:https://registry.npmjs.org/fflate cache-miss
378 http fetch GET 200 https://registry.npmjs.org/fflate 35ms (cache miss)
379 silly packumentCache full:https://registry.npmjs.org/fflate set size:undefined disposed:false
380 silly fetch manifest potpack@^1.0.1
381 silly packumentCache full:https://registry.npmjs.org/potpack cache-miss
382 http fetch GET 200 https://registry.npmjs.org/promise-worker-transferable 40ms (cache miss)
383 silly packumentCache full:https://registry.npmjs.org/promise-worker-transferable set size:undefined disposed:false
384 silly fetch manifest bidi-js@^1.0.2
385 silly packumentCache full:https://registry.npmjs.org/bidi-js cache-miss
386 http fetch GET 200 https://registry.npmjs.org/meshoptimizer 40ms (cache miss)
387 silly packumentCache full:https://registry.npmjs.org/meshoptimizer set size:undefined disposed:false
388 silly fetch manifest troika-three-utils@^0.52.4
389 silly packumentCache full:https://registry.npmjs.org/troika-three-utils cache-miss
390 http fetch GET 200 https://registry.npmjs.org/fflate 36ms (cache miss)
391 silly packumentCache full:https://registry.npmjs.org/fflate set size:undefined disposed:false
392 silly fetch manifest troika-worker-utils@^0.52.0
393 silly packumentCache full:https://registry.npmjs.org/troika-worker-utils cache-miss
394 http fetch GET 200 https://registry.npmjs.org/draco3d 41ms (cache miss)
395 silly packumentCache full:https://registry.npmjs.org/draco3d set size:undefined disposed:false
396 silly fetch manifest webgl-sdf-generator@1.1.1
397 silly packumentCache full:https://registry.npmjs.org/webgl-sdf-generator cache-miss
398 http fetch GET 200 https://registry.npmjs.org/@types%2foffscreencanvas 54ms (cache miss)
399 silly packumentCache full:https://registry.npmjs.org/@types%2foffscreencanvas set size:undefined disposed:false
400 silly fetch manifest zustand@^4.3.2
401 silly packumentCache full:https://registry.npmjs.org/zustand cache-hit
402 http fetch GET 200 https://registry.npmjs.org/@types%2fstats.js 55ms (cache miss)
403 silly packumentCache full:https://registry.npmjs.org/@types%2fstats.js set size:undefined disposed:false
404 http fetch GET 200 https://registry.npmjs.org/@tweenjs%2ftween.js 57ms (cache miss)
405 silly packumentCache full:https://registry.npmjs.org/@tweenjs%2ftween.js set size:undefined disposed:false
406 http fetch GET 200 https://registry.npmjs.org/@dimforge%2frapier3d-compat 71ms (cache miss)
407 silly packumentCache full:https://registry.npmjs.org/@dimforge%2frapier3d-compat set size:undefined disposed:false
408 http fetch GET 200 https://registry.npmjs.org/bidi-js 32ms (cache miss)
409 silly packumentCache full:https://registry.npmjs.org/bidi-js set size:undefined disposed:false
410 http fetch GET 200 https://registry.npmjs.org/potpack 44ms (cache miss)
411 silly packumentCache full:https://registry.npmjs.org/potpack set size:undefined disposed:false
412 http fetch GET 200 https://registry.npmjs.org/troika-worker-utils 37ms (cache miss)
413 silly packumentCache full:https://registry.npmjs.org/troika-worker-utils set size:undefined disposed:false
414 http fetch GET 200 https://registry.npmjs.org/troika-three-utils 42ms (cache miss)
415 silly packumentCache full:https://registry.npmjs.org/troika-three-utils set size:undefined disposed:false
416 http fetch GET 200 https://registry.npmjs.org/webgl-sdf-generator 60ms (cache miss)
417 silly packumentCache full:https://registry.npmjs.org/webgl-sdf-generator set size:undefined disposed:false
418 http fetch GET 200 https://registry.npmjs.org/@use-gesture%2fcore 107ms (cache miss)
419 silly packumentCache full:https://registry.npmjs.org/@use-gesture%2fcore set size:undefined disposed:false
420 http fetch GET 200 https://registry.npmjs.org/@webgpu%2ftypes 157ms (cache miss)
421 silly packumentCache full:https://registry.npmjs.org/@webgpu%2ftypes set size:undefined disposed:false
422 http fetch GET 200 https://registry.npmjs.org/@types%2fdraco3d 194ms (cache miss)
423 silly packumentCache full:https://registry.npmjs.org/@types%2fdraco3d set size:undefined disposed:false
424 http fetch GET 200 https://registry.npmjs.org/webgl-constants 303ms (cache miss)
425 silly packumentCache full:https://registry.npmjs.org/webgl-constants set size:undefined disposed:false
426 silly placeDep ROOT promise-worker-transferable@1.0.4 OK for: @monogrid/gainmap-js@3.4.0 want: ^1.0.4
427 silly fetch manifest is-promise@^2.1.0
428 silly packumentCache full:https://registry.npmjs.org/is-promise cache-miss
429 silly fetch manifest lie@^3.0.2
430 silly packumentCache full:https://registry.npmjs.org/lie cache-miss
431 http fetch GET 200 https://registry.npmjs.org/is-promise 120ms (cache miss)
432 silly packumentCache full:https://registry.npmjs.org/is-promise set size:undefined disposed:false
433 http fetch GET 200 https://registry.npmjs.org/lie 122ms (cache miss)
434 silly packumentCache full:https://registry.npmjs.org/lie set size:undefined disposed:false
435 silly fetch manifest react@>=19 <19.3
436 silly packumentCache full:https://registry.npmjs.org/react cache-miss
437 http cache https://registry.npmjs.org/react 11ms (cache hit)
438 silly packumentCache full:https://registry.npmjs.org/react set size:6609926 disposed:false
439 silly fetch manifest react-dom@>=19 <19.3
440 silly packumentCache full:https://registry.npmjs.org/react-dom cache-miss
441 http cache https://registry.npmjs.org/react-dom 10ms (cache hit)
442 silly packumentCache full:https://registry.npmjs.org/react-dom set size:8798957 disposed:false
443 silly placeDep ROOT @types/webxr@0.5.24 OK for: @react-three/fiber@9.6.0 want: *
444 silly placeDep ROOT base64-js@1.5.1 OK for: @react-three/fiber@9.6.0 want: ^1.5.1
445 silly placeDep ROOT buffer@6.0.3 OK for: @react-three/fiber@9.6.0 want: ^6.0.3
446 silly placeDep ROOT its-fine@2.0.0 OK for: @react-three/fiber@9.6.0 want: ^2.0.0
447 silly placeDep ROOT react-use-measure@2.1.7 OK for: @react-three/fiber@9.6.0 want: ^2.1.7
448 silly fetch manifest ieee754@^1.2.1
449 silly packumentCache full:https://registry.npmjs.org/ieee754 cache-miss
450 silly fetch manifest @types/react-reconciler@^0.28.9
451 silly packumentCache full:https://registry.npmjs.org/@types%2freact-reconciler cache-miss
452 http fetch GET 200 https://registry.npmjs.org/ieee754 44ms (cache miss)
453 silly packumentCache full:https://registry.npmjs.org/ieee754 set size:undefined disposed:false
454 http fetch GET 200 https://registry.npmjs.org/@types%2freact-reconciler 47ms (cache miss)
455 silly packumentCache full:https://registry.npmjs.org/@types%2freact-reconciler set size:undefined disposed:false
456 silly placeDep ROOT @dimforge/rapier3d-compat@0.12.0 OK for: @types/three@0.183.1 want: ~0.12.0
457 silly placeDep ROOT @tweenjs/tween.js@23.1.3 OK for: @types/three@0.183.1 want: ~23.1.3
458 silly placeDep ROOT @types/stats.js@0.17.4 OK for: @types/three@0.183.1 want: *
459 silly placeDep ROOT @webgpu/types@0.1.69 OK for: @types/three@0.183.1 want: *
460 silly placeDep ROOT fflate@0.8.2 OK for: @types/three@0.183.1 want: ~0.8.2
461 silly placeDep ROOT meshoptimizer@1.0.1 OK for: @types/three@0.183.1 want: ~1.0.1
462 silly placeDep ROOT @use-gesture/core@10.3.1 OK for: @use-gesture/react@10.3.1 want: 10.3.1
463 silly placeDep ROOT ieee754@1.2.1 OK for: buffer@6.0.3 want: ^1.2.1
464 silly placeDep ROOT webgl-constants@1.1.1 OK for: detect-gpu@5.0.70 want: ^1.1.1
465 silly placeDep ROOT motion-dom@12.38.0 OK for: framer-motion@12.38.0 want: ^12.38.0
466 silly placeDep ROOT motion-utils@12.36.0 OK for: framer-motion@12.38.0 want: ^12.36.0
467 silly fetch manifest @types/react@*
468 silly packumentCache full:https://registry.npmjs.org/@types%2freact cache-miss
469 http cache https://registry.npmjs.org/@types%2freact 3ms (cache hit)
470 silly packumentCache full:https://registry.npmjs.org/@types%2freact set size:2588964 disposed:false
471 silly placeDep ROOT @types/react-reconciler@0.28.9 OK for: its-fine@2.0.0 want: ^0.28.9
472 silly placeDep ROOT is-promise@2.2.2 OK for: promise-worker-transferable@1.0.4 want: ^2.1.0
473 silly placeDep ROOT lie@3.3.0 OK for: promise-worker-transferable@1.0.4 want: ^3.0.2
474 silly fetch manifest immediate@~3.0.5
475 silly packumentCache full:https://registry.npmjs.org/immediate cache-miss
476 http fetch GET 200 https://registry.npmjs.org/immediate 44ms (cache miss)
477 silly packumentCache full:https://registry.npmjs.org/immediate set size:undefined disposed:false
478 silly placeDep ROOT immediate@3.0.6 OK for: lie@3.3.0 want: ~3.0.5
479 silly placeDep node_modules/stats-gl three@0.170.0 OK for: stats-gl@2.4.2 want: ^0.170.0
480 silly placeDep ROOT @types/draco3d@1.4.10 OK for: three-stdlib@2.36.1 want: ^1.4.0
481 silly placeDep ROOT @types/offscreencanvas@2019.7.3 OK for: three-stdlib@2.36.1 want: ^2019.6.4
482 silly placeDep ROOT draco3d@1.5.7 OK for: three-stdlib@2.36.1 want: ^1.4.1
483 silly placeDep node_modules/three-stdlib fflate@0.6.10 OK for: three-stdlib@2.36.1 want: ^0.6.9
484 silly placeDep ROOT potpack@1.0.2 OK for: three-stdlib@2.36.1 want: ^1.0.1
485 silly fetch manifest three@>=0.125.0
486 silly packumentCache full:https://registry.npmjs.org/three cache-hit
487 silly placeDep ROOT bidi-js@1.0.3 OK for: troika-three-text@0.52.4 want: ^1.0.2
488 silly placeDep ROOT troika-three-utils@0.52.4 OK for: troika-three-text@0.52.4 want: ^0.52.4
489 silly placeDep ROOT troika-worker-utils@0.52.0 OK for: troika-three-text@0.52.4 want: ^0.52.0
490 silly placeDep ROOT webgl-sdf-generator@1.1.1 OK for: troika-three-text@0.52.4 want: 1.1.1
491 silly fetch manifest require-from-string@^2.0.2
492 silly packumentCache full:https://registry.npmjs.org/require-from-string cache-miss
493 http fetch GET 200 https://registry.npmjs.org/require-from-string 34ms (cache miss)
494 silly packumentCache full:https://registry.npmjs.org/require-from-string set size:undefined disposed:false
495 silly placeDep ROOT require-from-string@2.0.2 OK for: bidi-js@1.0.3 want: ^2.0.2
496 silly fetch manifest @types/react@>=16.8
497 silly packumentCache full:https://registry.npmjs.org/@types%2freact cache-miss
498 http cache https://registry.npmjs.org/@types%2freact 4ms (cache hit)
499 silly packumentCache full:https://registry.npmjs.org/@types%2freact set size:2588964 disposed:false
500 silly fetch manifest react@>=16.8
501 silly packumentCache full:https://registry.npmjs.org/react cache-miss
502 http cache https://registry.npmjs.org/react 7ms (cache hit)
503 silly packumentCache full:https://registry.npmjs.org/react set size:6609926 disposed:false
504 silly placeDep node_modules/tunnel-rat zustand@4.5.7 OK for: tunnel-rat@0.1.2 want: ^4.3.2
505 silly reify moves {}
506 silly audit bulk request {
506 silly audit   '@alloc/quick-lru': [ '5.2.0' ],
506 silly audit   '@babel/code-frame': [ '7.29.0' ],
506 silly audit   '@babel/compat-data': [ '7.29.0' ],
506 silly audit   '@babel/core': [ '7.29.0' ],
506 silly audit   '@babel/generator': [ '7.29.1' ],
506 silly audit   '@babel/helper-compilation-targets': [ '7.28.6' ],
506 silly audit   '@babel/helper-globals': [ '7.28.0' ],
506 silly audit   '@babel/helper-module-imports': [ '7.28.6' ],
506 silly audit   '@babel/helper-module-transforms': [ '7.28.6' ],
506 silly audit   '@babel/helper-string-parser': [ '7.27.1' ],
506 silly audit   '@babel/helper-validator-identifier': [ '7.28.5' ],
506 silly audit   '@babel/helper-validator-option': [ '7.27.1' ],
506 silly audit   '@babel/helpers': [ '7.29.2' ],
506 silly audit   '@babel/parser': [ '7.29.2' ],
506 silly audit   '@babel/template': [ '7.28.6' ],
506 silly audit   '@babel/traverse': [ '7.29.0' ],
506 silly audit   '@babel/types': [ '7.29.0' ],
506 silly audit   '@emnapi/core': [ '1.10.0' ],
506 silly audit   '@emnapi/runtime': [ '1.10.0' ],
506 silly audit   '@emnapi/wasi-threads': [ '1.2.1' ],
506 silly audit   '@eslint-community/eslint-utils': [ '4.9.1' ],
506 silly audit   'eslint-visitor-keys': [ '3.4.3', '5.0.1', '4.2.1' ],
506 silly audit   '@eslint-community/regexpp': [ '4.12.2' ],
506 silly audit   '@eslint/config-array': [ '0.21.2' ],
506 silly audit   '@eslint/config-helpers': [ '0.4.2' ],
506 silly audit   '@eslint/core': [ '0.17.0' ],
506 silly audit   '@eslint/eslintrc': [ '3.3.5' ],
506 silly audit   '@eslint/js': [ '9.39.4' ],
506 silly audit   '@eslint/object-schema': [ '2.1.7' ],
506 silly audit   '@eslint/plugin-kit': [ '0.4.1' ],
506 silly audit   '@humanfs/core': [ '0.19.1' ],
506 silly audit   '@humanfs/node': [ '0.16.7' ],
506 silly audit   '@humanwhocodes/module-importer': [ '1.0.1' ],
506 silly audit   '@humanwhocodes/retry': [ '0.4.3' ],
506 silly audit   '@img/colour': [ '1.1.0' ],
506 silly audit   '@img/sharp-darwin-arm64': [ '0.34.5' ],
506 silly audit   '@img/sharp-darwin-x64': [ '0.34.5' ],
506 silly audit   '@img/sharp-libvips-darwin-arm64': [ '1.2.4' ],
506 silly audit   '@img/sharp-libvips-darwin-x64': [ '1.2.4' ],
506 silly audit   '@img/sharp-libvips-linux-arm': [ '1.2.4' ],
506 silly audit   '@img/sharp-libvips-linux-arm64': [ '1.2.4' ],
506 silly audit   '@img/sharp-libvips-linux-ppc64': [ '1.2.4' ],
506 silly audit   '@img/sharp-libvips-linux-riscv64': [ '1.2.4' ],
506 silly audit   '@img/sharp-libvips-linux-s390x': [ '1.2.4' ],
506 silly audit   '@img/sharp-libvips-linux-x64': [ '1.2.4' ],
506 silly audit   '@img/sharp-libvips-linuxmusl-arm64': [ '1.2.4' ],
506 silly audit   '@img/sharp-libvips-linuxmusl-x64': [ '1.2.4' ],
506 silly audit   '@img/sharp-linux-arm': [ '0.34.5' ],
506 silly audit   '@img/sharp-linux-arm64': [ '0.34.5' ],
506 silly audit   '@img/sharp-linux-ppc64': [ '0.34.5' ],
506 silly audit   '@img/sharp-linux-riscv64': [ '0.34.5' ],
506 silly audit   '@img/sharp-linux-s390x': [ '0.34.5' ],
506 silly audit   '@img/sharp-linux-x64': [ '0.34.5' ],
506 silly audit   '@img/sharp-linuxmusl-arm64': [ '0.34.5' ],
506 silly audit   '@img/sharp-linuxmusl-x64': [ '0.34.5' ],
506 silly audit   '@img/sharp-wasm32': [ '0.34.5' ],
506 silly audit   '@img/sharp-win32-arm64': [ '0.34.5' ],
506 silly audit   '@img/sharp-win32-ia32': [ '0.34.5' ],
506 silly audit   '@img/sharp-win32-x64': [ '0.34.5' ],
506 silly audit   '@jridgewell/gen-mapping': [ '0.3.13' ],
506 silly audit   '@jridgewell/remapping': [ '2.3.5' ],
506 silly audit   '@jridgewell/resolve-uri': [ '3.1.2' ],
506 silly audit   '@jridgewell/sourcemap-codec': [ '1.5.5' ],
506 silly audit   '@jridgewell/trace-mapping': [ '0.3.31' ],
506 silly audit   '@napi-rs/wasm-runtime': [ '0.2.12' ],
506 silly audit   '@next/env': [ '16.2.4' ],
506 silly audit   '@next/eslint-plugin-next': [ '16.2.4' ],
506 silly audit   '@next/swc-darwin-arm64': [ '16.2.4' ],
506 silly audit   '@next/swc-darwin-x64': [ '16.2.4' ],
506 silly audit   '@next/swc-linux-arm64-gnu': [ '16.2.4' ],
506 silly audit   '@next/swc-linux-arm64-musl': [ '16.2.4' ],
506 silly audit   '@next/swc-linux-x64-gnu': [ '16.2.4' ],
506 silly audit   '@next/swc-linux-x64-musl': [ '16.2.4' ],
506 silly audit   '@next/swc-win32-arm64-msvc': [ '16.2.4' ],
506 silly audit   '@next/swc-win32-x64-msvc': [ '16.2.4' ],
506 silly audit   '@nodelib/fs.scandir': [ '2.1.5' ],
506 silly audit   '@nodelib/fs.stat': [ '2.0.5' ],
506 silly audit   '@nodelib/fs.walk': [ '1.2.8' ],
506 silly audit   '@nolyfill/is-core-module': [ '1.0.39' ],
506 silly audit   '@rtsao/scc': [ '1.1.0' ],
506 silly audit   '@swc/helpers': [ '0.5.15' ],
506 silly audit   '@tailwindcss/node': [ '4.2.2' ],
506 silly audit   '@tailwindcss/oxide': [ '4.2.2' ],
506 silly audit   '@tailwindcss/oxide-android-arm64': [ '4.2.2' ],
506 silly audit   '@tailwindcss/oxide-darwin-arm64': [ '4.2.2' ],
506 silly audit   '@tailwindcss/oxide-darwin-x64': [ '4.2.2' ],
506 silly audit   '@tailwindcss/oxide-freebsd-x64': [ '4.2.2' ],
506 silly audit   '@tailwindcss/oxide-linux-arm-gnueabihf': [ '4.2.2' ],
506 silly audit   '@tailwindcss/oxide-linux-arm64-gnu': [ '4.2.2' ],
506 silly audit   '@tailwindcss/oxide-linux-arm64-musl': [ '4.2.2' ],
506 silly audit   '@tailwindcss/oxide-linux-x64-gnu': [ '4.2.2' ],
506 silly audit   '@tailwindcss/oxide-linux-x64-musl': [ '4.2.2' ],
506 silly audit   '@tailwindcss/oxide-wasm32-wasi': [ '4.2.2' ],
506 silly audit   '@tailwindcss/oxide-win32-arm64-msvc': [ '4.2.2' ],
506 silly audit   '@tailwindcss/oxide-win32-x64-msvc': [ '4.2.2' ],
506 silly audit   '@tailwindcss/postcss': [ '4.2.2' ],
506 silly audit   '@tybys/wasm-util': [ '0.10.1' ],
506 silly audit   '@types/estree': [ '1.0.8' ],
506 silly audit   '@types/json-schema': [ '7.0.15' ],
506 silly audit   '@types/json5': [ '0.0.29' ],
506 silly audit   '@types/node': [ '20.19.39' ],
506 silly audit   '@types/react': [ '19.2.14' ],
506 silly audit   '@types/react-dom': [ '19.2.3' ],
506 silly audit   '@typescript-eslint/eslint-plugin': [ '8.58.2' ],
506 silly audit   ignore: [ '7.0.5', '5.3.2' ],
506 silly audit   '@typescript-eslint/parser': [ '8.58.2' ],
506 silly audit   '@typescript-eslint/project-service': [ '8.58.2' ],
506 silly audit   '@typescript-eslint/scope-manager': [ '8.58.2' ],
506 silly audit   '@typescript-eslint/tsconfig-utils': [ '8.58.2' ],
506 silly audit   '@typescript-eslint/type-utils': [ '8.58.2' ],
506 silly audit   '@typescript-eslint/types': [ '8.58.2' ],
506 silly audit   '@typescript-eslint/typescript-estree': [ '8.58.2' ],
506 silly audit   'balanced-match': [ '4.0.4', '1.0.2' ],
506 silly audit   'brace-expansion': [ '5.0.5', '1.1.14' ],
506 silly audit   minimatch: [ '10.2.5', '3.1.5' ],
506 silly audit   semver: [ '7.7.4', '6.3.1' ],
506 silly audit   '@typescript-eslint/utils': [ '8.58.2' ],
506 silly audit   '@typescript-eslint/visitor-keys': [ '8.58.2' ],
506 silly audit   '@unrs/resolver-binding-android-arm-eabi': [ '1.11.1' ],
506 silly audit   '@unrs/resolver-binding-android-arm64': [ '1.11.1' ],
506 silly audit   '@unrs/resolver-binding-darwin-arm64': [ '1.11.1' ],
506 silly audit   '@unrs/resolver-binding-darwin-x64': [ '1.11.1' ],
506 silly audit   '@unrs/resolver-binding-freebsd-x64': [ '1.11.1' ],
506 silly audit   '@unrs/resolver-binding-linux-arm-gnueabihf': [ '1.11.1' ],
506 silly audit   '@unrs/resolver-binding-linux-arm-musleabihf': [ '1.11.1' ],
506 silly audit   '@unrs/resolver-binding-linux-arm64-gnu': [ '1.11.1' ],
506 silly audit   '@unrs/resolver-binding-linux-arm64-musl': [ '1.11.1' ],
506 silly audit   '@unrs/resolver-binding-linux-ppc64-gnu': [ '1.11.1' ],
506 silly audit   '@unrs/resolver-binding-linux-riscv64-gnu': [ '1.11.1' ],
506 silly audit   '@unrs/resolver-binding-linux-riscv64-musl': [ '1.11.1' ],
506 silly audit   '@unrs/resolver-binding-linux-s390x-gnu': [ '1.11.1' ],
506 silly audit   '@unrs/resolver-binding-linux-x64-gnu': [ '1.11.1' ],
506 silly audit   '@unrs/resolver-binding-linux-x64-musl': [ '1.11.1' ],
506 silly audit   '@unrs/resolver-binding-wasm32-wasi': [ '1.11.1' ],
506 silly audit   '@unrs/resolver-binding-win32-arm64-msvc': [ '1.11.1' ],
506 silly audit   '@unrs/resolver-binding-win32-ia32-msvc': [ '1.11.1' ],
506 silly audit   '@unrs/resolver-binding-win32-x64-msvc': [ '1.11.1' ],
506 silly audit   acorn: [ '8.16.0' ],
506 silly audit   'acorn-jsx': [ '5.3.2' ],
506 silly audit   ajv: [ '6.14.0' ],
506 silly audit   'ansi-styles': [ '4.3.0' ],
506 silly audit   argparse: [ '2.0.1' ],
506 silly audit   'aria-query': [ '5.3.2' ],
506 silly audit   'array-buffer-byte-length': [ '1.0.2' ],
506 silly audit   'array-includes': [ '3.1.9' ],
506 silly audit   'array.prototype.findlast': [ '1.2.5' ],
506 silly audit   'array.prototype.findlastindex': [ '1.2.6' ],
506 silly audit   'array.prototype.flat': [ '1.3.3' ],
506 silly audit   'array.prototype.flatmap': [ '1.3.3' ],
506 silly audit   'array.prototype.tosorted': [ '1.1.4' ],
506 silly audit   'arraybuffer.prototype.slice': [ '1.0.4' ],
506 silly audit   'ast-types-flow': [ '0.0.8' ],
506 silly audit   'async-function': [ '1.0.0' ],
506 silly audit   'available-typed-arrays': [ '1.0.7' ],
506 silly audit   'axe-core': [ '4.11.3' ],
506 silly audit   'axobject-query': [ '4.1.0' ],
506 silly audit   'baseline-browser-mapping': [ '2.10.19' ],
506 silly audit   braces: [ '3.0.3' ],
506 silly audit   browserslist: [ '4.28.2' ],
506 silly audit   'call-bind': [ '1.0.9' ],
506 silly audit   'call-bind-apply-helpers': [ '1.0.2' ],
506 silly audit   'call-bound': [ '1.0.4' ],
506 silly audit   callsites: [ '3.1.0' ],
506 silly audit   'caniuse-lite': [ '1.0.30001788' ],
506 silly audit   chalk: [ '4.1.2' ],
506 silly audit   'client-only': [ '0.0.1' ],
506 silly audit   'color-convert': [ '2.0.1' ],
506 silly audit   'color-name': [ '1.1.4' ],
506 silly audit   'concat-map': [ '0.0.1' ],
506 silly audit   'convert-source-map': [ '2.0.0' ],
506 silly audit   'cross-spawn': [ '7.0.6' ],
506 silly audit   csstype: [ '3.2.3' ],
506 silly audit   'damerau-levenshtein': [ '1.0.8' ],
506 silly audit   'data-view-buffer': [ '1.0.2' ],
506 silly audit   'data-view-byte-length': [ '1.0.2' ],
506 silly audit   'data-view-byte-offset': [ '1.0.1' ],
506 silly audit   debug: [ '4.4.3', '3.2.7' ],
506 silly audit   'deep-is': [ '0.1.4' ],
506 silly audit   'define-data-property': [ '1.1.4' ],
506 silly audit   'define-properties': [ '1.2.1' ],
506 silly audit   'detect-libc': [ '2.1.2' ],
506 silly audit   doctrine: [ '2.1.0' ],
506 silly audit   'dunder-proto': [ '1.0.1' ],
506 silly audit   'electron-to-chromium': [ '1.5.339' ],
506 silly audit   'emoji-regex': [ '9.2.2' ],
506 silly audit   'enhanced-resolve': [ '5.20.1' ],
506 silly audit   'es-abstract': [ '1.24.2' ],
506 silly audit   'es-define-property': [ '1.0.1' ],
506 silly audit   'es-errors': [ '1.3.0' ],
506 silly audit   'es-iterator-helpers': [ '1.3.2' ],
506 silly audit   'es-object-atoms': [ '1.1.1' ],
506 silly audit   'es-set-tostringtag': [ '2.1.0' ],
506 silly audit   'es-shim-unscopables': [ '1.1.0' ],
506 silly audit   'es-to-primitive': [ '1.3.0' ],
506 silly audit   escalade: [ '3.2.0' ],
506 silly audit   'escape-string-regexp': [ '4.0.0' ],
506 silly audit   eslint: [ '9.39.4' ],
506 silly audit   'eslint-config-next': [ '16.2.4' ],
506 silly audit   globals: [ '16.4.0', '14.0.0' ],
506 silly audit   'eslint-import-resolver-node': [ '0.3.10' ],
506 silly audit   'eslint-import-resolver-typescript': [ '3.10.1' ],
506 silly audit   'eslint-module-utils': [ '2.12.1' ],
506 silly audit   'eslint-plugin-import': [ '2.32.0' ],
506 silly audit   'eslint-plugin-jsx-a11y': [ '6.10.2' ],
506 silly audit   'eslint-plugin-react': [ '7.37.5' ],
506 silly audit   'eslint-plugin-react-hooks': [ '7.0.1' ],
506 silly audit   'eslint-scope': [ '8.4.0' ],
506 silly audit   espree: [ '10.4.0' ],
506 silly audit   esquery: [ '1.7.0' ],
506 silly audit   esrecurse: [ '4.3.0' ],
506 silly audit   estraverse: [ '5.3.0' ],
506 silly audit   esutils: [ '2.0.3' ],
506 silly audit   'fast-deep-equal': [ '3.1.3' ],
506 silly audit   'fast-glob': [ '3.3.1' ],
506 silly audit   'glob-parent': [ '5.1.2', '6.0.2' ],
506 silly audit   'fast-json-stable-stringify': [ '2.1.0' ],
506 silly audit   'fast-levenshtein': [ '2.0.6' ],
506 silly audit   fastq: [ '1.20.1' ],
506 silly audit   'file-entry-cache': [ '8.0.0' ],
506 silly audit   'fill-range': [ '7.1.1' ],
506 silly audit   'find-up': [ '5.0.0' ],
506 silly audit   'flat-cache': [ '4.0.1' ],
506 silly audit   flatted: [ '3.4.2' ],
506 silly audit   'for-each': [ '0.3.5' ],
506 silly audit   'function-bind': [ '1.1.2' ],
506 silly audit   'function.prototype.name': [ '1.1.8' ],
506 silly audit   'functions-have-names': [ '1.2.3' ],
506 silly audit   'generator-function': [ '2.0.1' ],
506 silly audit   gensync: [ '1.0.0-beta.2' ],
506 silly audit   'get-intrinsic': [ '1.3.0' ],
506 silly audit   'get-proto': [ '1.0.1' ],
506 silly audit   'get-symbol-description': [ '1.1.0' ],
506 silly audit   'get-tsconfig': [ '4.14.0' ],
506 silly audit   globalthis: [ '1.0.4' ],
506 silly audit   gopd: [ '1.2.0' ],
506 silly audit   'graceful-fs': [ '4.2.11' ],
506 silly audit   'has-bigints': [ '1.1.0' ],
506 silly audit   'has-flag': [ '4.0.0' ],
506 silly audit   'has-property-descriptors': [ '1.0.2' ],
506 silly audit   'has-proto': [ '1.2.0' ],
506 silly audit   'has-symbols': [ '1.1.0' ],
506 silly audit   'has-tostringtag': [ '1.0.2' ],
506 silly audit   hasown: [ '2.0.2' ],
506 silly audit   'hermes-estree': [ '0.25.1' ],
506 silly audit   'hermes-parser': [ '0.25.1' ],
506 silly audit   'import-fresh': [ '3.3.1' ],
506 silly audit   imurmurhash: [ '0.1.4' ],
506 silly audit   'internal-slot': [ '1.1.0' ],
506 silly audit   'is-array-buffer': [ '3.0.5' ],
506 silly audit   'is-async-function': [ '2.1.1' ],
506 silly audit   'is-bigint': [ '1.1.0' ],
506 silly audit   'is-boolean-object': [ '1.2.2' ],
506 silly audit   'is-bun-module': [ '2.0.0' ],
506 silly audit   'is-callable': [ '1.2.7' ],
506 silly audit   'is-core-module': [ '2.16.1' ],
506 silly audit   'is-data-view': [ '1.0.2' ],
506 silly audit   'is-date-object': [ '1.1.0' ],
506 silly audit   'is-extglob': [ '2.1.1' ],
506 silly audit   'is-finalizationregistry': [ '1.1.1' ],
506 silly audit   'is-generator-function': [ '1.1.2' ],
506 silly audit   'is-glob': [ '4.0.3' ],
506 silly audit   'is-map': [ '2.0.3' ],
506 silly audit   'is-negative-zero': [ '2.0.3' ],
506 silly audit   'is-number': [ '7.0.0' ],
506 silly audit   'is-number-object': [ '1.1.1' ],
506 silly audit   'is-regex': [ '1.2.1' ],
506 silly audit   'is-set': [ '2.0.3' ],
506 silly audit   'is-shared-array-buffer': [ '1.0.4' ],
506 silly audit   'is-string': [ '1.1.1' ],
506 silly audit   'is-symbol': [ '1.1.1' ],
506 silly audit   'is-typed-array': [ '1.1.15' ],
506 silly audit   'is-weakmap': [ '2.0.2' ],
506 silly audit   'is-weakref': [ '1.1.1' ],
506 silly audit   'is-weakset': [ '2.0.4' ],
506 silly audit   isarray: [ '2.0.5' ],
506 silly audit   isexe: [ '2.0.0' ],
506 silly audit   'iterator.prototype': [ '1.1.5' ],
506 silly audit   jiti: [ '2.6.1' ],
506 silly audit   'js-tokens': [ '4.0.0' ],
506 silly audit   'js-yaml': [ '4.1.1' ],
506 silly audit   jsesc: [ '3.1.0' ],
506 silly audit   'json-buffer': [ '3.0.1' ],
506 silly audit   'json-schema-traverse': [ '0.4.1' ],
506 silly audit   'json-stable-stringify-without-jsonify': [ '1.0.1' ],
506 silly audit   json5: [ '2.2.3', '1.0.2' ],
506 silly audit   'jsx-ast-utils': [ '3.3.5' ],
506 silly audit   keyv: [ '4.5.4' ],
506 silly audit   'language-subtag-registry': [ '0.3.23' ],
506 silly audit   'language-tags': [ '1.0.9' ],
506 silly audit   levn: [ '0.4.1' ],
506 silly audit   lightningcss: [ '1.32.0' ],
506 silly audit   'lightningcss-android-arm64': [ '1.32.0' ],
506 silly audit   'lightningcss-darwin-arm64': [ '1.32.0' ],
506 silly audit   'lightningcss-darwin-x64': [ '1.32.0' ],
506 silly audit   'lightningcss-freebsd-x64': [ '1.32.0' ],
506 silly audit   'lightningcss-linux-arm-gnueabihf': [ '1.32.0' ],
506 silly audit   'lightningcss-linux-arm64-gnu': [ '1.32.0' ],
506 silly audit   'lightningcss-linux-arm64-musl': [ '1.32.0' ],
506 silly audit   'lightningcss-linux-x64-gnu': [ '1.32.0' ],
506 silly audit   'lightningcss-linux-x64-musl': [ '1.32.0' ],
506 silly audit   'lightningcss-win32-arm64-msvc': [ '1.32.0' ],
506 silly audit   'lightningcss-win32-x64-msvc': [ '1.32.0' ],
506 silly audit   'locate-path': [ '6.0.0' ],
506 silly audit   'lodash.merge': [ '4.6.2' ],
506 silly audit   'loose-envify': [ '1.4.0' ],
506 silly audit   'lru-cache': [ '5.1.1' ],
506 silly audit   'magic-string': [ '0.30.21' ],
506 silly audit   'math-intrinsics': [ '1.1.0' ],
506 silly audit   merge2: [ '1.4.1' ],
506 silly audit   micromatch: [ '4.0.8' ],
506 silly audit   minimist: [ '1.2.8' ],
506 silly audit   ms: [ '2.1.3' ],
506 silly audit   nanoid: [ '3.3.11' ],
506 silly audit   'napi-postinstall': [ '0.3.4' ],
506 silly audit   'natural-compare': [ '1.4.0' ],
506 silly audit   next: [ '16.2.4' ],
506 silly audit   postcss: [ '8.4.31', '8.5.10' ],
506 silly audit   'node-exports-info': [ '1.6.0' ],
506 silly audit   'node-releases': [ '2.0.37' ],
506 silly audit   'object-assign': [ '4.1.1' ],
506 silly audit   'object-inspect': [ '1.13.4' ],
506 silly audit   'object-keys': [ '1.1.1' ],
506 silly audit   'object.assign': [ '4.1.7' ],
506 silly audit   'object.entries': [ '1.1.9' ],
506 silly audit   'object.fromentries': [ '2.0.8' ],
506 silly audit   'object.groupby': [ '1.0.3' ],
506 silly audit   'object.values': [ '1.2.1' ],
506 silly audit   optionator: [ '0.9.4' ],
506 silly audit   'own-keys': [ '1.0.1' ],
506 silly audit   'p-limit': [ '3.1.0' ],
506 silly audit   'p-locate': [ '5.0.0' ],
506 silly audit   'parent-module': [ '1.0.1' ],
506 silly audit   'path-exists': [ '4.0.0' ],
506 silly audit   'path-key': [ '3.1.1' ],
506 silly audit   'path-parse': [ '1.0.7' ],
506 silly audit   picocolors: [ '1.1.1' ],
506 silly audit   picomatch: [ '2.3.2', '4.0.4' ],
506 silly audit   'possible-typed-array-names': [ '1.1.0' ],
506 silly audit   'prelude-ls': [ '1.2.1' ],
506 silly audit   'prop-types': [ '15.8.1' ],
506 silly audit   punycode: [ '2.3.1' ],
506 silly audit   'queue-microtask': [ '1.2.3' ],
506 silly audit   react: [ '19.2.4' ],
506 silly audit   'react-dom': [ '19.2.4' ],
506 silly audit   'react-is': [ '16.13.1' ],
506 silly audit   'reflect.getprototypeof': [ '1.0.10' ],
506 silly audit   'regexp.prototype.flags': [ '1.5.4' ],
506 silly audit   resolve: [ '2.0.0-next.6' ],
506 silly audit   'resolve-from': [ '4.0.0' ],
506 silly audit   'resolve-pkg-maps': [ '1.0.0' ],
506 silly audit   reusify: [ '1.1.0' ],
506 silly audit   'run-parallel': [ '1.2.0' ],
506 silly audit   'safe-array-concat': [ '1.1.3' ],
506 silly audit   'safe-push-apply': [ '1.0.0' ],
506 silly audit   'safe-regex-test': [ '1.1.0' ],
506 silly audit   scheduler: [ '0.27.0' ],
506 silly audit   'set-function-length': [ '1.2.2' ],
506 silly audit   'set-function-name': [ '2.0.2' ],
506 silly audit   'set-proto': [ '1.0.0' ],
506 silly audit   sharp: [ '0.34.5' ],
506 silly audit   'shebang-command': [ '2.0.0' ],
506 silly audit   'shebang-regex': [ '3.0.0' ],
506 silly audit   'side-channel': [ '1.1.0' ],
506 silly audit   'side-channel-list': [ '1.0.1' ],
506 silly audit   'side-channel-map': [ '1.0.1' ],
506 silly audit   'side-channel-weakmap': [ '1.0.2' ],
506 silly audit   'source-map-js': [ '1.2.1' ],
506 silly audit   'stable-hash': [ '0.0.5' ],
506 silly audit   'stop-iteration-iterator': [ '1.1.0' ],
506 silly audit   'string.prototype.includes': [ '2.0.1' ],
506 silly audit   'string.prototype.matchall': [ '4.0.12' ],
506 silly audit   'string.prototype.repeat': [ '1.0.0' ],
506 silly audit   'string.prototype.trim': [ '1.2.10' ],
506 silly audit   'string.prototype.trimend': [ '1.0.9' ],
506 silly audit   'string.prototype.trimstart': [ '1.0.8' ],
506 silly audit   'strip-bom': [ '3.0.0' ],
506 silly audit   'strip-json-comments': [ '3.1.1' ],
506 silly audit   'styled-jsx': [ '5.1.6' ],
506 silly audit   'supports-color': [ '7.2.0' ],
506 silly audit   'supports-preserve-symlinks-flag': [ '1.0.0' ],
506 silly audit   tailwindcss: [ '4.2.2' ],
506 silly audit   tapable: [ '2.3.2' ],
506 silly audit   tinyglobby: [ '0.2.16' ],
506 silly audit   fdir: [ '6.5.0' ],
506 silly audit   'to-regex-range': [ '5.0.1' ],
506 silly audit   'ts-api-utils': [ '2.5.0' ],
506 silly audit   'tsconfig-paths': [ '3.15.0' ],
506 silly audit   tslib: [ '2.8.1' ],
506 silly audit   'type-check': [ '0.4.0' ],
506 silly audit   'typed-array-buffer': [ '1.0.3' ],
506 silly audit   'typed-array-byte-length': [ '1.0.3' ],
506 silly audit   'typed-array-byte-offset': [ '1.0.4' ],
506 silly audit   'typed-array-length': [ '1.0.7' ],
506 silly audit   typescript: [ '5.9.3' ],
506 silly audit   'typescript-eslint': [ '8.58.2' ],
506 silly audit   'unbox-primitive': [ '1.1.0' ],
506 silly audit   'undici-types': [ '6.21.0' ],
506 silly audit   'unrs-resolver': [ '1.11.1' ],
506 silly audit   'update-browserslist-db': [ '1.2.3' ],
506 silly audit   'uri-js': [ '4.4.1' ],
506 silly audit   which: [ '2.0.2' ],
506 silly audit   'which-boxed-primitive': [ '1.1.1' ],
506 silly audit   'which-builtin-type': [ '1.2.1' ],
506 silly audit   'which-collection': [ '1.0.2' ],
506 silly audit   'which-typed-array': [ '1.1.20' ],
506 silly audit   'word-wrap': [ '1.2.5' ],
506 silly audit   yallist: [ '3.1.1' ],
506 silly audit   'yocto-queue': [ '0.1.0' ],
506 silly audit   zod: [ '4.3.6' ],
506 silly audit   'zod-validation-error': [ '4.0.2' ],
506 silly audit   '@gsap/react': [ '2.1.2' ],
506 silly audit   '@react-three/drei': [ '10.7.7' ],
506 silly audit   '@react-three/fiber': [ '9.6.0' ],
506 silly audit   clsx: [ '2.1.1' ],
506 silly audit   'framer-motion': [ '12.38.0' ],
506 silly audit   gsap: [ '3.15.0' ],
506 silly audit   lenis: [ '1.3.23' ],
506 silly audit   'lucide-react': [ '1.8.0' ],
506 silly audit   'simplex-noise': [ '4.0.3' ],
506 silly audit   'tailwind-merge': [ '3.5.0' ],
506 silly audit   three: [ '0.184.0', '0.170.0' ],
506 silly audit   '@babel/runtime': [ '7.29.2' ],
506 silly audit   '@mediapipe/tasks-vision': [ '0.10.17' ],
506 silly audit   '@monogrid/gainmap-js': [ '3.4.0' ],
506 silly audit   '@use-gesture/react': [ '10.3.1' ],
506 silly audit   'camera-controls': [ '3.1.2' ],
506 silly audit   'cross-env': [ '7.0.3' ],
506 silly audit   'detect-gpu': [ '5.0.70' ],
506 silly audit   'glsl-noise': [ '0.0.0' ],
506 silly audit   'hls.js': [ '1.6.16' ],
506 silly audit   maath: [ '0.10.8' ],
506 silly audit   '@types/three': [ '0.183.1' ],
506 silly audit   meshline: [ '3.3.1' ],
506 silly audit   'stats-gl': [ '2.4.2' ],
506 silly audit   'stats.js': [ '0.17.0' ],
506 silly audit   'suspend-react': [ '0.1.3' ],
506 silly audit   'three-mesh-bvh': [ '0.8.3' ],
506 silly audit   'three-stdlib': [ '2.36.1' ],
506 silly audit   'troika-three-text': [ '0.52.4' ],
506 silly audit   'tunnel-rat': [ '0.1.2' ],
506 silly audit   'use-sync-external-store': [ '1.6.0' ],
506 silly audit   'utility-types': [ '3.11.0' ],
506 silly audit   zustand: [ '5.0.12', '4.5.7' ],
506 silly audit   'promise-worker-transferable': [ '1.0.4' ],
506 silly audit   '@types/webxr': [ '0.5.24' ],
506 silly audit   'base64-js': [ '1.5.1' ],
506 silly audit   buffer: [ '6.0.3' ],
506 silly audit   'its-fine': [ '2.0.0' ],
506 silly audit   'react-use-measure': [ '2.1.7' ],
506 silly audit   '@dimforge/rapier3d-compat': [ '0.12.0' ],
506 silly audit   '@tweenjs/tween.js': [ '23.1.3' ],
506 silly audit   '@types/stats.js': [ '0.17.4' ],
506 silly audit   '@webgpu/types': [ '0.1.69' ],
506 silly audit   fflate: [ '0.8.2', '0.6.10' ],
506 silly audit   meshoptimizer: [ '1.0.1' ],
506 silly audit   '@use-gesture/core': [ '10.3.1' ],
506 silly audit   ieee754: [ '1.2.1' ],
506 silly audit   'webgl-constants': [ '1.1.1' ],
506 silly audit   'motion-dom': [ '12.38.0' ],
506 silly audit   'motion-utils': [ '12.36.0' ],
506 silly audit   '@types/react-reconciler': [ '0.28.9' ],
506 silly audit   'is-promise': [ '2.2.2' ],
506 silly audit   lie: [ '3.3.0' ],
506 silly audit   immediate: [ '3.0.6' ],
506 silly audit   '@types/draco3d': [ '1.4.10' ],
506 silly audit   '@types/offscreencanvas': [ '2019.7.3' ],
506 silly audit   draco3d: [ '1.5.7' ],
506 silly audit   potpack: [ '1.0.2' ],
506 silly audit   'bidi-js': [ '1.0.3' ],
506 silly audit   'troika-three-utils': [ '0.52.4' ],
506 silly audit   'troika-worker-utils': [ '0.52.0' ],
506 silly audit   'webgl-sdf-generator': [ '1.1.1' ],
506 silly audit   'require-from-string': [ '2.0.2' ]
506 silly audit }
507 http cache require-from-string@https://registry.npmjs.org/require-from-string/-/require-from-string-2.0.2.tgz 0ms (cache hit)
508 http cache webgl-sdf-generator@https://registry.npmjs.org/webgl-sdf-generator/-/webgl-sdf-generator-1.1.1.tgz 0ms (cache hit)
509 http cache troika-worker-utils@https://registry.npmjs.org/troika-worker-utils/-/troika-worker-utils-0.52.0.tgz 0ms (cache hit)
510 http cache bidi-js@https://registry.npmjs.org/bidi-js/-/bidi-js-1.0.3.tgz 0ms (cache hit)
511 http cache troika-three-utils@https://registry.npmjs.org/troika-three-utils/-/troika-three-utils-0.52.4.tgz 0ms (cache hit)
512 http cache potpack@https://registry.npmjs.org/potpack/-/potpack-1.0.2.tgz 0ms (cache hit)
513 http cache draco3d@https://registry.npmjs.org/draco3d/-/draco3d-1.5.7.tgz 0ms (cache hit)
514 http cache @types/offscreencanvas@https://registry.npmjs.org/@types/offscreencanvas/-/offscreencanvas-2019.7.3.tgz 0ms (cache hit)
515 http cache immediate@https://registry.npmjs.org/immediate/-/immediate-3.0.6.tgz 0ms (cache hit)
516 http cache lie@https://registry.npmjs.org/lie/-/lie-3.3.0.tgz 0ms (cache hit)
517 http cache is-promise@https://registry.npmjs.org/is-promise/-/is-promise-2.2.2.tgz 0ms (cache hit)
518 http cache @types/draco3d@https://registry.npmjs.org/@types/draco3d/-/draco3d-1.4.10.tgz 0ms (cache hit)
519 http cache @types/react-reconciler@https://registry.npmjs.org/@types/react-reconciler/-/react-reconciler-0.28.9.tgz 0ms (cache hit)
520 http cache motion-utils@https://registry.npmjs.org/motion-utils/-/motion-utils-12.36.0.tgz 0ms (cache hit)
521 http cache webgl-constants@https://registry.npmjs.org/webgl-constants/-/webgl-constants-1.1.1.tgz 0ms (cache hit)
522 http cache meshoptimizer@https://registry.npmjs.org/meshoptimizer/-/meshoptimizer-1.0.1.tgz 0ms (cache hit)
523 http cache ieee754@https://registry.npmjs.org/ieee754/-/ieee754-1.2.1.tgz 0ms (cache hit)
524 http cache motion-dom@https://registry.npmjs.org/motion-dom/-/motion-dom-12.38.0.tgz 0ms (cache hit)
525 http cache fflate@https://registry.npmjs.org/fflate/-/fflate-0.8.2.tgz 0ms (cache hit)
526 http cache @webgpu/types@https://registry.npmjs.org/@webgpu/types/-/types-0.1.69.tgz 0ms (cache hit)
527 http cache @use-gesture/core@https://registry.npmjs.org/@use-gesture/core/-/core-10.3.1.tgz 0ms (cache hit)
528 http cache @types/stats.js@https://registry.npmjs.org/@types/stats.js/-/stats.js-0.17.4.tgz 0ms (cache hit)
529 http cache @dimforge/rapier3d-compat@https://registry.npmjs.org/@dimforge/rapier3d-compat/-/rapier3d-compat-0.12.0.tgz 0ms (cache hit)
530 http cache @tweenjs/tween.js@https://registry.npmjs.org/@tweenjs/tween.js/-/tween.js-23.1.3.tgz 0ms (cache hit)
531 http cache react-use-measure@https://registry.npmjs.org/react-use-measure/-/react-use-measure-2.1.7.tgz 0ms (cache hit)
532 http cache buffer@https://registry.npmjs.org/buffer/-/buffer-6.0.3.tgz 0ms (cache hit)
533 http cache base64-js@https://registry.npmjs.org/base64-js/-/base64-js-1.5.1.tgz 0ms (cache hit)
534 http cache its-fine@https://registry.npmjs.org/its-fine/-/its-fine-2.0.0.tgz 0ms (cache hit)
535 http cache utility-types@https://registry.npmjs.org/utility-types/-/utility-types-3.11.0.tgz 0ms (cache hit)
536 http cache @types/webxr@https://registry.npmjs.org/@types/webxr/-/webxr-0.5.24.tgz 0ms (cache hit)
537 http cache promise-worker-transferable@https://registry.npmjs.org/promise-worker-transferable/-/promise-worker-transferable-1.0.4.tgz 0ms (cache hit)
538 http cache zustand@https://registry.npmjs.org/zustand/-/zustand-5.0.12.tgz 0ms (cache hit)
539 http cache use-sync-external-store@https://registry.npmjs.org/use-sync-external-store/-/use-sync-external-store-1.6.0.tgz 0ms (cache hit)
540 http cache three-mesh-bvh@https://registry.npmjs.org/three-mesh-bvh/-/three-mesh-bvh-0.8.3.tgz 0ms (cache hit)
541 http cache troika-three-text@https://registry.npmjs.org/troika-three-text/-/troika-three-text-0.52.4.tgz 0ms (cache hit)
542 http cache tunnel-rat@https://registry.npmjs.org/tunnel-rat/-/tunnel-rat-0.1.2.tgz 0ms (cache hit)
543 http cache suspend-react@https://registry.npmjs.org/suspend-react/-/suspend-react-0.1.3.tgz 0ms (cache hit)
544 http cache meshline@https://registry.npmjs.org/meshline/-/meshline-3.3.1.tgz 0ms (cache hit)
545 http cache stats.js@https://registry.npmjs.org/stats.js/-/stats.js-0.17.0.tgz 0ms (cache hit)
546 http cache three-stdlib@https://registry.npmjs.org/three-stdlib/-/three-stdlib-2.36.1.tgz 0ms (cache hit)
547 http cache stats-gl@https://registry.npmjs.org/stats-gl/-/stats-gl-2.4.2.tgz 0ms (cache hit)
548 http cache @types/three@https://registry.npmjs.org/@types/three/-/three-0.183.1.tgz 0ms (cache hit)
549 http cache maath@https://registry.npmjs.org/maath/-/maath-0.10.8.tgz 0ms (cache hit)
550 http cache detect-gpu@https://registry.npmjs.org/detect-gpu/-/detect-gpu-5.0.70.tgz 0ms (cache hit)
551 http cache hls.js@https://registry.npmjs.org/hls.js/-/hls.js-1.6.16.tgz 0ms (cache hit)
552 http cache cross-env@https://registry.npmjs.org/cross-env/-/cross-env-7.0.3.tgz 0ms (cache hit)
553 http cache @mediapipe/tasks-vision@https://registry.npmjs.org/@mediapipe/tasks-vision/-/tasks-vision-0.10.17.tgz 0ms (cache hit)
554 http cache @use-gesture/react@https://registry.npmjs.org/@use-gesture/react/-/react-10.3.1.tgz 0ms (cache hit)
555 http cache glsl-noise@https://registry.npmjs.org/glsl-noise/-/glsl-noise-0.0.0.tgz 0ms (cache hit)
556 http cache camera-controls@https://registry.npmjs.org/camera-controls/-/camera-controls-3.1.2.tgz 0ms (cache hit)
557 http cache @monogrid/gainmap-js@https://registry.npmjs.org/@monogrid/gainmap-js/-/gainmap-js-3.4.0.tgz 0ms (cache hit)
558 http cache three@https://registry.npmjs.org/three/-/three-0.184.0.tgz 0ms (cache hit)
559 http cache @babel/runtime@https://registry.npmjs.org/@babel/runtime/-/runtime-7.29.2.tgz 0ms (cache hit)
560 http cache simplex-noise@https://registry.npmjs.org/simplex-noise/-/simplex-noise-4.0.3.tgz 0ms (cache hit)
561 http cache lenis@https://registry.npmjs.org/lenis/-/lenis-1.3.23.tgz 0ms (cache hit)
562 http cache tailwind-merge@https://registry.npmjs.org/tailwind-merge/-/tailwind-merge-3.5.0.tgz 0ms (cache hit)
563 http cache lucide-react@https://registry.npmjs.org/lucide-react/-/lucide-react-1.8.0.tgz 0ms (cache hit)
564 http cache gsap@https://registry.npmjs.org/gsap/-/gsap-3.15.0.tgz 0ms (cache hit)
565 http cache @react-three/fiber@https://registry.npmjs.org/@react-three/fiber/-/fiber-9.6.0.tgz 0ms (cache hit)
566 http cache clsx@https://registry.npmjs.org/clsx/-/clsx-2.1.1.tgz 0ms (cache hit)
567 http cache framer-motion@https://registry.npmjs.org/framer-motion/-/framer-motion-12.38.0.tgz 0ms (cache hit)
568 http cache fflate@https://registry.npmjs.org/fflate/-/fflate-0.6.10.tgz 0ms (cache hit)
569 http cache @gsap/react@https://registry.npmjs.org/@gsap/react/-/react-2.1.2.tgz 0ms (cache hit)
570 http cache @react-three/drei@https://registry.npmjs.org/@react-three/drei/-/drei-10.7.7.tgz 0ms (cache hit)
571 silly tarball no local data for require-from-string@https://registry.npmjs.org/require-from-string/-/require-from-string-2.0.2.tgz. Extracting by manifest.
572 silly tarball no local data for webgl-sdf-generator@https://registry.npmjs.org/webgl-sdf-generator/-/webgl-sdf-generator-1.1.1.tgz. Extracting by manifest.
573 silly tarball no local data for troika-worker-utils@https://registry.npmjs.org/troika-worker-utils/-/troika-worker-utils-0.52.0.tgz. Extracting by manifest.
574 silly tarball no local data for bidi-js@https://registry.npmjs.org/bidi-js/-/bidi-js-1.0.3.tgz. Extracting by manifest.
575 silly tarball no local data for troika-three-utils@https://registry.npmjs.org/troika-three-utils/-/troika-three-utils-0.52.4.tgz. Extracting by manifest.
576 silly tarball no local data for potpack@https://registry.npmjs.org/potpack/-/potpack-1.0.2.tgz. Extracting by manifest.
577 silly tarball no local data for draco3d@https://registry.npmjs.org/draco3d/-/draco3d-1.5.7.tgz. Extracting by manifest.
578 silly tarball no local data for @types/offscreencanvas@https://registry.npmjs.org/@types/offscreencanvas/-/offscreencanvas-2019.7.3.tgz. Extracting by manifest.
579 silly tarball no local data for immediate@https://registry.npmjs.org/immediate/-/immediate-3.0.6.tgz. Extracting by manifest.
580 silly tarball no local data for lie@https://registry.npmjs.org/lie/-/lie-3.3.0.tgz. Extracting by manifest.
581 silly tarball no local data for is-promise@https://registry.npmjs.org/is-promise/-/is-promise-2.2.2.tgz. Extracting by manifest.
582 silly tarball no local data for @types/draco3d@https://registry.npmjs.org/@types/draco3d/-/draco3d-1.4.10.tgz. Extracting by manifest.
583 silly tarball no local data for @types/react-reconciler@https://registry.npmjs.org/@types/react-reconciler/-/react-reconciler-0.28.9.tgz. Extracting by manifest.
584 silly tarball no local data for motion-utils@https://registry.npmjs.org/motion-utils/-/motion-utils-12.36.0.tgz. Extracting by manifest.
585 silly tarball no local data for webgl-constants@https://registry.npmjs.org/webgl-constants/-/webgl-constants-1.1.1.tgz. Extracting by manifest.
586 silly tarball no local data for meshoptimizer@https://registry.npmjs.org/meshoptimizer/-/meshoptimizer-1.0.1.tgz. Extracting by manifest.
587 silly tarball no local data for ieee754@https://registry.npmjs.org/ieee754/-/ieee754-1.2.1.tgz. Extracting by manifest.
588 silly tarball no local data for motion-dom@https://registry.npmjs.org/motion-dom/-/motion-dom-12.38.0.tgz. Extracting by manifest.
589 silly tarball no local data for fflate@https://registry.npmjs.org/fflate/-/fflate-0.8.2.tgz. Extracting by manifest.
590 silly tarball no local data for @webgpu/types@https://registry.npmjs.org/@webgpu/types/-/types-0.1.69.tgz. Extracting by manifest.
591 silly tarball no local data for @use-gesture/core@https://registry.npmjs.org/@use-gesture/core/-/core-10.3.1.tgz. Extracting by manifest.
592 silly tarball no local data for @types/stats.js@https://registry.npmjs.org/@types/stats.js/-/stats.js-0.17.4.tgz. Extracting by manifest.
593 silly tarball no local data for @dimforge/rapier3d-compat@https://registry.npmjs.org/@dimforge/rapier3d-compat/-/rapier3d-compat-0.12.0.tgz. Extracting by manifest.
594 silly tarball no local data for @tweenjs/tween.js@https://registry.npmjs.org/@tweenjs/tween.js/-/tween.js-23.1.3.tgz. Extracting by manifest.
595 silly tarball no local data for react-use-measure@https://registry.npmjs.org/react-use-measure/-/react-use-measure-2.1.7.tgz. Extracting by manifest.
596 silly tarball no local data for buffer@https://registry.npmjs.org/buffer/-/buffer-6.0.3.tgz. Extracting by manifest.
597 silly tarball no local data for base64-js@https://registry.npmjs.org/base64-js/-/base64-js-1.5.1.tgz. Extracting by manifest.
598 silly tarball no local data for its-fine@https://registry.npmjs.org/its-fine/-/its-fine-2.0.0.tgz. Extracting by manifest.
599 silly tarball no local data for utility-types@https://registry.npmjs.org/utility-types/-/utility-types-3.11.0.tgz. Extracting by manifest.
600 silly tarball no local data for @types/webxr@https://registry.npmjs.org/@types/webxr/-/webxr-0.5.24.tgz. Extracting by manifest.
601 silly tarball no local data for promise-worker-transferable@https://registry.npmjs.org/promise-worker-transferable/-/promise-worker-transferable-1.0.4.tgz. Extracting by manifest.
602 http cache three@https://registry.npmjs.org/three/-/three-0.170.0.tgz 0ms (cache hit)
603 http cache zustand@https://registry.npmjs.org/zustand/-/zustand-4.5.7.tgz 0ms (cache hit)
604 silly tarball no local data for zustand@https://registry.npmjs.org/zustand/-/zustand-5.0.12.tgz. Extracting by manifest.
605 silly tarball no local data for use-sync-external-store@https://registry.npmjs.org/use-sync-external-store/-/use-sync-external-store-1.6.0.tgz. Extracting by manifest.
606 silly tarball no local data for three-mesh-bvh@https://registry.npmjs.org/three-mesh-bvh/-/three-mesh-bvh-0.8.3.tgz. Extracting by manifest.
607 silly tarball no local data for troika-three-text@https://registry.npmjs.org/troika-three-text/-/troika-three-text-0.52.4.tgz. Extracting by manifest.
608 silly tarball no local data for tunnel-rat@https://registry.npmjs.org/tunnel-rat/-/tunnel-rat-0.1.2.tgz. Extracting by manifest.
609 silly tarball no local data for suspend-react@https://registry.npmjs.org/suspend-react/-/suspend-react-0.1.3.tgz. Extracting by manifest.
610 silly tarball no local data for meshline@https://registry.npmjs.org/meshline/-/meshline-3.3.1.tgz. Extracting by manifest.
611 silly tarball no local data for stats.js@https://registry.npmjs.org/stats.js/-/stats.js-0.17.0.tgz. Extracting by manifest.
612 silly tarball no local data for three-stdlib@https://registry.npmjs.org/three-stdlib/-/three-stdlib-2.36.1.tgz. Extracting by manifest.
613 silly tarball no local data for stats-gl@https://registry.npmjs.org/stats-gl/-/stats-gl-2.4.2.tgz. Extracting by manifest.
614 silly tarball no local data for @types/three@https://registry.npmjs.org/@types/three/-/three-0.183.1.tgz. Extracting by manifest.
615 silly tarball no local data for maath@https://registry.npmjs.org/maath/-/maath-0.10.8.tgz. Extracting by manifest.
616 silly tarball no local data for detect-gpu@https://registry.npmjs.org/detect-gpu/-/detect-gpu-5.0.70.tgz. Extracting by manifest.
617 silly tarball no local data for hls.js@https://registry.npmjs.org/hls.js/-/hls.js-1.6.16.tgz. Extracting by manifest.
618 silly tarball no local data for cross-env@https://registry.npmjs.org/cross-env/-/cross-env-7.0.3.tgz. Extracting by manifest.
619 silly tarball no local data for @mediapipe/tasks-vision@https://registry.npmjs.org/@mediapipe/tasks-vision/-/tasks-vision-0.10.17.tgz. Extracting by manifest.
620 silly tarball no local data for @use-gesture/react@https://registry.npmjs.org/@use-gesture/react/-/react-10.3.1.tgz. Extracting by manifest.
621 silly tarball no local data for glsl-noise@https://registry.npmjs.org/glsl-noise/-/glsl-noise-0.0.0.tgz. Extracting by manifest.
622 silly tarball no local data for camera-controls@https://registry.npmjs.org/camera-controls/-/camera-controls-3.1.2.tgz. Extracting by manifest.
623 silly tarball no local data for @monogrid/gainmap-js@https://registry.npmjs.org/@monogrid/gainmap-js/-/gainmap-js-3.4.0.tgz. Extracting by manifest.
624 silly tarball no local data for three@https://registry.npmjs.org/three/-/three-0.184.0.tgz. Extracting by manifest.
625 silly tarball no local data for @babel/runtime@https://registry.npmjs.org/@babel/runtime/-/runtime-7.29.2.tgz. Extracting by manifest.
626 silly tarball no local data for simplex-noise@https://registry.npmjs.org/simplex-noise/-/simplex-noise-4.0.3.tgz. Extracting by manifest.
627 silly tarball no local data for lenis@https://registry.npmjs.org/lenis/-/lenis-1.3.23.tgz. Extracting by manifest.
628 silly tarball no local data for tailwind-merge@https://registry.npmjs.org/tailwind-merge/-/tailwind-merge-3.5.0.tgz. Extracting by manifest.
629 silly tarball no local data for lucide-react@https://registry.npmjs.org/lucide-react/-/lucide-react-1.8.0.tgz. Extracting by manifest.
630 silly tarball no local data for gsap@https://registry.npmjs.org/gsap/-/gsap-3.15.0.tgz. Extracting by manifest.
631 silly tarball no local data for @react-three/fiber@https://registry.npmjs.org/@react-three/fiber/-/fiber-9.6.0.tgz. Extracting by manifest.
632 silly tarball no local data for clsx@https://registry.npmjs.org/clsx/-/clsx-2.1.1.tgz. Extracting by manifest.
633 silly tarball no local data for framer-motion@https://registry.npmjs.org/framer-motion/-/framer-motion-12.38.0.tgz. Extracting by manifest.
634 silly tarball no local data for fflate@https://registry.npmjs.org/fflate/-/fflate-0.6.10.tgz. Extracting by manifest.
635 silly tarball no local data for @gsap/react@https://registry.npmjs.org/@gsap/react/-/react-2.1.2.tgz. Extracting by manifest.
636 silly tarball no local data for @react-three/drei@https://registry.npmjs.org/@react-three/drei/-/drei-10.7.7.tgz. Extracting by manifest.
637 silly tarball no local data for three@https://registry.npmjs.org/three/-/three-0.170.0.tgz. Extracting by manifest.
638 silly tarball no local data for zustand@https://registry.npmjs.org/zustand/-/zustand-4.5.7.tgz. Extracting by manifest.
639 http fetch GET 200 https://registry.npmjs.org/require-from-string/-/require-from-string-2.0.2.tgz 48ms (cache miss)
640 http fetch GET 200 https://registry.npmjs.org/potpack/-/potpack-1.0.2.tgz 47ms (cache miss)
641 http fetch GET 200 https://registry.npmjs.org/immediate/-/immediate-3.0.6.tgz 47ms (cache miss)
642 http fetch GET 200 https://registry.npmjs.org/@types/draco3d/-/draco3d-1.4.10.tgz 48ms (cache miss)
643 http fetch GET 200 https://registry.npmjs.org/lie/-/lie-3.3.0.tgz 48ms (cache miss)
644 http fetch GET 200 https://registry.npmjs.org/troika-three-utils/-/troika-three-utils-0.52.4.tgz 49ms (cache miss)
645 http fetch GET 200 https://registry.npmjs.org/troika-worker-utils/-/troika-worker-utils-0.52.0.tgz 54ms (cache miss)
646 http fetch GET 200 https://registry.npmjs.org/draco3d/-/draco3d-1.5.7.tgz 54ms (cache miss)
647 http fetch GET 200 https://registry.npmjs.org/bidi-js/-/bidi-js-1.0.3.tgz 56ms (cache miss)
648 http fetch GET 200 https://registry.npmjs.org/@types/offscreencanvas/-/offscreencanvas-2019.7.3.tgz 58ms (cache miss)
649 http fetch GET 200 https://registry.npmjs.org/webgl-sdf-generator/-/webgl-sdf-generator-1.1.1.tgz 59ms (cache miss)
650 http fetch GET 200 https://registry.npmjs.org/webgl-constants/-/webgl-constants-1.1.1.tgz 70ms (cache miss)
651 http fetch GET 200 https://registry.npmjs.org/ieee754/-/ieee754-1.2.1.tgz 77ms (cache miss)
652 http fetch GET 200 https://registry.npmjs.org/is-promise/-/is-promise-2.2.2.tgz 83ms (cache miss)
653 http fetch GET 200 https://registry.npmjs.org/meshoptimizer/-/meshoptimizer-1.0.1.tgz 86ms (cache miss)
654 http fetch GET 200 https://registry.npmjs.org/fflate/-/fflate-0.8.2.tgz 86ms (cache miss)
655 http fetch GET 200 https://registry.npmjs.org/@types/react-reconciler/-/react-reconciler-0.28.9.tgz 90ms (cache miss)
656 http fetch GET 200 https://registry.npmjs.org/react-use-measure/-/react-use-measure-2.1.7.tgz 95ms (cache miss)
657 http fetch GET 200 https://registry.npmjs.org/@webgpu/types/-/types-0.1.69.tgz 100ms (cache miss)
658 http fetch GET 200 https://registry.npmjs.org/buffer/-/buffer-6.0.3.tgz 103ms (cache miss)
659 http fetch GET 200 https://registry.npmjs.org/@types/stats.js/-/stats.js-0.17.4.tgz 109ms (cache miss)
660 http fetch GET 200 https://registry.npmjs.org/base64-js/-/base64-js-1.5.1.tgz 110ms (cache miss)
661 http fetch GET 200 https://registry.npmjs.org/motion-utils/-/motion-utils-12.36.0.tgz 113ms (cache miss)
662 http fetch GET 200 https://registry.npmjs.org/@use-gesture/core/-/core-10.3.1.tgz 112ms (cache miss)
663 http fetch POST 200 https://registry.npmjs.org/-/npm/v1/security/advisories/bulk 125ms
664 silly audit report {}
665 http fetch GET 200 https://registry.npmjs.org/@tweenjs/tween.js/-/tween.js-23.1.3.tgz 120ms (cache miss)
666 http fetch GET 200 https://registry.npmjs.org/its-fine/-/its-fine-2.0.0.tgz 120ms (cache miss)
667 http fetch GET 200 https://registry.npmjs.org/utility-types/-/utility-types-3.11.0.tgz 123ms (cache miss)
668 http fetch GET 200 https://registry.npmjs.org/promise-worker-transferable/-/promise-worker-transferable-1.0.4.tgz 123ms (cache miss)
669 http fetch GET 200 https://registry.npmjs.org/use-sync-external-store/-/use-sync-external-store-1.6.0.tgz 127ms (cache miss)
670 http fetch GET 200 https://registry.npmjs.org/@types/webxr/-/webxr-0.5.24.tgz 141ms (cache miss)
671 http fetch GET 200 https://registry.npmjs.org/zustand/-/zustand-5.0.12.tgz 142ms (cache miss)
672 http fetch GET 200 https://registry.npmjs.org/suspend-react/-/suspend-react-0.1.3.tgz 144ms (cache miss)
673 http fetch GET 200 https://registry.npmjs.org/tunnel-rat/-/tunnel-rat-0.1.2.tgz 147ms (cache miss)
674 http fetch GET 200 https://registry.npmjs.org/motion-dom/-/motion-dom-12.38.0.tgz 164ms (cache miss)
675 http fetch GET 200 https://registry.npmjs.org/stats-gl/-/stats-gl-2.4.2.tgz 237ms (cache miss)
676 http fetch GET 200 https://registry.npmjs.org/meshline/-/meshline-3.3.1.tgz 237ms (cache miss)
677 http fetch GET 200 https://registry.npmjs.org/three-mesh-bvh/-/three-mesh-bvh-0.8.3.tgz 239ms (cache miss)
678 http fetch GET 200 https://registry.npmjs.org/maath/-/maath-0.10.8.tgz 254ms (cache miss)
679 http fetch GET 200 https://registry.npmjs.org/camera-controls/-/camera-controls-3.1.2.tgz 278ms (cache miss)
680 http fetch GET 200 https://registry.npmjs.org/troika-three-text/-/troika-three-text-0.52.4.tgz 279ms (cache miss)
681 http fetch GET 200 https://registry.npmjs.org/glsl-noise/-/glsl-noise-0.0.0.tgz 281ms (cache miss)
682 http fetch GET 200 https://registry.npmjs.org/@use-gesture/react/-/react-10.3.1.tgz 298ms (cache miss)
683 http fetch GET 200 https://registry.npmjs.org/simplex-noise/-/simplex-noise-4.0.3.tgz 331ms (cache miss)
684 http fetch GET 200 https://registry.npmjs.org/lenis/-/lenis-1.3.23.tgz 348ms (cache miss)
685 http fetch GET 200 https://registry.npmjs.org/@babel/runtime/-/runtime-7.29.2.tgz 360ms (cache miss)
686 http fetch GET 200 https://registry.npmjs.org/@monogrid/gainmap-js/-/gainmap-js-3.4.0.tgz 379ms (cache miss)
687 http fetch GET 200 https://registry.npmjs.org/clsx/-/clsx-2.1.1.tgz 398ms (cache miss)
688 http fetch GET 200 https://registry.npmjs.org/fflate/-/fflate-0.6.10.tgz 460ms (cache miss)
689 http fetch GET 200 https://registry.npmjs.org/stats.js/-/stats.js-0.17.0.tgz 493ms (cache miss)
690 http fetch GET 200 https://registry.npmjs.org/@react-three/fiber/-/fiber-9.6.0.tgz 594ms (cache miss)
691 http fetch GET 200 https://registry.npmjs.org/@gsap/react/-/react-2.1.2.tgz 596ms (cache miss)
692 http fetch GET 200 https://registry.npmjs.org/framer-motion/-/framer-motion-12.38.0.tgz 632ms (cache miss)
693 http fetch GET 200 https://registry.npmjs.org/zustand/-/zustand-4.5.7.tgz 697ms (cache miss)
694 http fetch GET 200 https://registry.npmjs.org/@react-three/drei/-/drei-10.7.7.tgz 716ms (cache miss)
695 http fetch GET 200 https://registry.npmjs.org/three-stdlib/-/three-stdlib-2.36.1.tgz 794ms (cache miss)
696 http fetch GET 200 https://registry.npmjs.org/gsap/-/gsap-3.15.0.tgz 897ms (cache miss)
697 http fetch GET 200 https://registry.npmjs.org/hls.js/-/hls.js-1.6.16.tgz 901ms (cache miss)
698 http fetch GET 200 https://registry.npmjs.org/@mediapipe/tasks-vision/-/tasks-vision-0.10.17.tgz 972ms (cache miss)
699 http fetch GET 200 https://registry.npmjs.org/tailwind-merge/-/tailwind-merge-3.5.0.tgz 1013ms (cache miss)
700 http fetch GET 200 https://registry.npmjs.org/detect-gpu/-/detect-gpu-5.0.70.tgz 1024ms (cache miss)
701 http fetch GET 200 https://registry.npmjs.org/@dimforge/rapier3d-compat/-/rapier3d-compat-0.12.0.tgz 1040ms (cache miss)
702 http fetch GET 200 https://registry.npmjs.org/@types/three/-/three-0.183.1.tgz 1100ms (cache miss)
703 http fetch GET 200 https://registry.npmjs.org/cross-env/-/cross-env-7.0.3.tgz 1159ms (cache miss)
704 http fetch GET 200 https://registry.npmjs.org/three/-/three-0.170.0.tgz 1598ms (cache miss)
705 http fetch GET 200 https://registry.npmjs.org/three/-/three-0.184.0.tgz 1969ms (cache miss)
706 http fetch GET 200 https://registry.npmjs.org/lucide-react/-/lucide-react-1.8.0.tgz 2006ms (cache miss)
707 silly ADD node_modules/require-from-string
708 silly ADD node_modules/webgl-sdf-generator
709 silly ADD node_modules/troika-worker-utils
710 silly ADD node_modules/troika-three-utils
711 silly ADD node_modules/bidi-js
712 silly ADD node_modules/potpack
713 silly ADD node_modules/draco3d
714 silly ADD node_modules/@types/offscreencanvas
715 silly ADD node_modules/@types/draco3d
716 silly ADD node_modules/immediate
717 silly ADD node_modules/lie
718 silly ADD node_modules/is-promise
719 silly ADD node_modules/@types/react-reconciler
720 silly ADD node_modules/motion-utils
721 silly ADD node_modules/motion-dom
722 silly ADD node_modules/webgl-constants
723 silly ADD node_modules/ieee754
724 silly ADD node_modules/@use-gesture/core
725 silly ADD node_modules/meshoptimizer
726 silly ADD node_modules/fflate
727 silly ADD node_modules/@webgpu/types
728 silly ADD node_modules/@types/stats.js
729 silly ADD node_modules/@tweenjs/tween.js
730 silly ADD node_modules/@dimforge/rapier3d-compat
731 silly ADD node_modules/react-use-measure
732 silly ADD node_modules/its-fine
733 silly ADD node_modules/buffer
734 silly ADD node_modules/base64-js
735 silly ADD node_modules/@types/webxr
736 silly ADD node_modules/promise-worker-transferable
737 silly ADD node_modules/zustand
738 silly ADD node_modules/utility-types
739 silly ADD node_modules/use-sync-external-store
740 silly ADD node_modules/tunnel-rat
741 silly ADD node_modules/tunnel-rat/node_modules/zustand
742 silly ADD node_modules/troika-three-text
743 silly ADD node_modules/three-stdlib
744 silly ADD node_modules/three-stdlib/node_modules/fflate
745 silly ADD node_modules/three-mesh-bvh
746 silly ADD node_modules/suspend-react
747 silly ADD node_modules/stats.js
748 silly ADD node_modules/stats-gl
749 silly ADD node_modules/stats-gl/node_modules/three
750 silly ADD node_modules/meshline
751 silly ADD node_modules/@types/three
752 silly ADD node_modules/maath
753 silly ADD node_modules/hls.js
754 silly ADD node_modules/glsl-noise
755 silly ADD node_modules/detect-gpu
756 silly ADD node_modules/cross-env
757 silly ADD node_modules/camera-controls
758 silly ADD node_modules/@use-gesture/react
759 silly ADD node_modules/@monogrid/gainmap-js
760 silly ADD node_modules/@mediapipe/tasks-vision
761 silly ADD node_modules/@babel/runtime
762 silly ADD node_modules/three
763 silly ADD node_modules/tailwind-merge
764 silly ADD node_modules/simplex-noise
765 silly ADD node_modules/lucide-react
766 silly ADD node_modules/lenis
767 silly ADD node_modules/gsap
768 silly ADD node_modules/framer-motion
769 silly ADD node_modules/clsx
770 silly ADD node_modules/@react-three/fiber
771 silly ADD node_modules/@react-three/drei
772 silly ADD node_modules/@gsap/react
773 verbose cwd /Users/preethamdandu/Desktop/pkapkapkap
774 verbose os Darwin 25.4.0
775 verbose node v24.4.0
776 verbose npm  v11.4.2
777 verbose exit 0
778 info ok
